2025/12/19 16:24:24.488178 Creating new node at port :5002
2025/12/19 16:24:25.305262 Created new node
2025/12/19 16:24:25.305391 Connected with peers
2025/12/19 16:24:25.308207 Node running on :5002
2025/12/19 16:24:25.308207 Connected with node: :5001
2025/12/19 16:24:26.306921 connectPeers: retrying :5003 in 1s...
2025/12/19 16:24:28.308466 connectPeers: retrying :5003 in 1s...
2025/12/19 16:24:29.309716 Connected with node: :5003
2025/12/19 16:25:02.540593 [:5002] ResetDB: cleared state seq=0 ballot=0 logs=0 twoPC=0 leader=:5001
2025/12/19 16:25:02.545019 Connected with node: :5003
2025/12/19 16:25:02.545019 Connected with node: :5001
2025/12/19 16:25:03.036663 [:5002] ResetDB: balances reset to 10 for shard 1-3000
2025/12/19 16:25:03.131889 For node :5002 disabled? false
2025/12/19 16:25:03.133609 Connected with node: :5001
2025/12/19 16:25:03.133609 Connected with node: :5003
2025/12/19 16:25:03.533291 [:5002] catchup: fetching logs from :5001
2025/12/19 16:25:03.863247 [:5002] Accept2PC: ballot=0 seq=1 phase=PREPARE_PHASE txn=6002->2002 amt=1.00
2025/12/19 16:25:03.863247 [:5002] 2PC log: status=P paxos=Accepted phase=PREPARE_PHASE seq=1 ballot=0 txn=6002->2002 amt=1.00 ts=1766179501283187902
2025/12/19 16:25:03.863247 [:5002] Accept2PC: accepted seq=1 ballot=0 phase=PREPARE_PHASE
2025/12/19 16:25:03.866013 [:5002] Commit2PC: seq=1 ballot=0 phase=PREPARE_PHASE txn=6002->2002 amt=1.00
2025/12/19 16:25:03.871186 [:5002] Accept2PC: ballot=0 seq=2 phase=PREPARE_PHASE txn=2001->5001 amt=1.00
2025/12/19 16:25:03.871186 [:5002] 2PC log: status=P paxos=Accepted phase=PREPARE_PHASE seq=2 ballot=0 txn=2001->5001 amt=1.00 ts=1766179501283187900
2025/12/19 16:25:03.871186 [:5002] Accept2PC: accepted seq=2 ballot=0 phase=PREPARE_PHASE
2025/12/19 16:25:03.873268 [:5002] Commit2PC: seq=2 ballot=0 phase=PREPARE_PHASE txn=2001->5001 amt=1.00
2025/12/19 16:25:03.876049 [:5002] Accept2PC: ballot=0 seq=1 phase=COMMIT_PHASE txn=6002->2002 amt=1.00
2025/12/19 16:25:03.876558 [:5002] 2PC log: status=C paxos=Accepted phase=COMMIT_PHASE seq=1 ballot=0 txn=6002->2002 amt=1.00 ts=1766179501283187902
2025/12/19 16:25:03.876558 [:5002] Accept2PC: accepted seq=1 ballot=0 phase=COMMIT_PHASE
2025/12/19 16:25:03.877419 [:5002] Commit2PC: seq=1 ballot=0 phase=COMMIT_PHASE txn=6002->2002 amt=1.00
2025/12/19 16:25:03.877419 [:5002] Commit2PC: Phase: COMMIT_PHASE
2025/12/19 16:25:03.877419 [:5002] 2PC log: status=C paxos=Commit phase=COMMIT_PHASE seq=1 ballot=0 txn=6002->2002 amt=1.00 ts=1766179501283187902
2025/12/19 16:25:03.877419 For node::5002

2025/12/19 16:25:03.877419 (Execute 0 1 
2025/12/19 16:25:03.877419 (6002 2002 1.000000)
2025/12/19 16:25:03.877927 )
2025/12/19 16:25:03.877927 

2025/12/19 16:25:03.877927 [:5002] Balances after txn 6002->2002 ts=1766179501283187902 : from=11 (err=<nil>) to=10 (err=<nil>)
2025/12/19 16:25:03.880092 [:5002] Accept2PC: ballot=0 seq=2 phase=COMMIT_PHASE txn=2001->5001 amt=1.00
2025/12/19 16:25:03.880646 [:5002] 2PC log: status=C paxos=Accepted phase=COMMIT_PHASE seq=2 ballot=0 txn=2001->5001 amt=1.00 ts=1766179501283187900
2025/12/19 16:25:03.880646 [:5002] Accept2PC: accepted seq=2 ballot=0 phase=COMMIT_PHASE
2025/12/19 16:25:03.882305 [:5002] Commit2PC: seq=2 ballot=0 phase=COMMIT_PHASE txn=2001->5001 amt=1.00
2025/12/19 16:25:03.882305 [:5002] Commit2PC: Phase: COMMIT_PHASE
2025/12/19 16:25:03.882305 [:5002] 2PC log: status=C paxos=Commit phase=COMMIT_PHASE seq=2 ballot=0 txn=2001->5001 amt=1.00 ts=1766179501283187900
2025/12/19 16:25:03.882513 For node::5002

2025/12/19 16:25:03.882513 (Execute 0 1 
2025/12/19 16:25:03.882513 (6002 2002 1.000000)
2025/12/19 16:25:03.882513 )
2025/12/19 16:25:03.882513 (Execute 0 2 
2025/12/19 16:25:03.882513 (2001 5001 1.000000)
2025/12/19 16:25:03.882513 )
2025/12/19 16:25:03.882513 

2025/12/19 16:25:03.882513 [:5002] Balances after txn 2001->5001 ts=1766179501283187900 : from=10 (err=<nil>) to=10 (err=<nil>)
2025/12/19 16:25:03.919438 [:5002] Accept2PC: ballot=0 seq=3 phase=PREPARE_PHASE txn=5003->2004 amt=1.00
2025/12/19 16:25:03.919438 [:5002] 2PC log: status=P paxos=Accepted phase=PREPARE_PHASE seq=3 ballot=0 txn=5003->2004 amt=1.00 ts=1766179501283187904
2025/12/19 16:25:03.919438 [:5002] Accept2PC: accepted seq=3 ballot=0 phase=PREPARE_PHASE
2025/12/19 16:25:03.920416 [:5002] Commit2PC: seq=3 ballot=0 phase=PREPARE_PHASE txn=5003->2004 amt=1.00
2025/12/19 16:25:03.927132 [:5002] Accept2PC: ballot=0 seq=3 phase=COMMIT_PHASE txn=5003->2004 amt=1.00
2025/12/19 16:25:03.927132 [:5002] 2PC log: status=C paxos=Accepted phase=COMMIT_PHASE seq=3 ballot=0 txn=5003->2004 amt=1.00 ts=1766179501283187904
2025/12/19 16:25:03.927132 [:5002] Accept2PC: accepted seq=3 ballot=0 phase=COMMIT_PHASE
2025/12/19 16:25:03.928385 [:5002] Commit2PC: seq=3 ballot=0 phase=COMMIT_PHASE txn=5003->2004 amt=1.00
2025/12/19 16:25:03.928385 [:5002] Commit2PC: Phase: COMMIT_PHASE
2025/12/19 16:25:03.928385 [:5002] 2PC log: status=C paxos=Commit phase=COMMIT_PHASE seq=3 ballot=0 txn=5003->2004 amt=1.00 ts=1766179501283187904
2025/12/19 16:25:03.928385 For node::5002

2025/12/19 16:25:03.928385 (Execute 0 1 
2025/12/19 16:25:03.928385 (6002 2002 1.000000)
2025/12/19 16:25:03.928903 )
2025/12/19 16:25:03.928903 (Execute 0 2 
2025/12/19 16:25:03.928903 (2001 5001 1.000000)
2025/12/19 16:25:03.928903 )
2025/12/19 16:25:03.928903 (Execute 0 3 
2025/12/19 16:25:03.928903 (5003 2004 1.000000)
2025/12/19 16:25:03.928903 )
2025/12/19 16:25:03.928903 

2025/12/19 16:25:03.928903 [:5002] Balances after txn 5003->2004 ts=1766179501283187904 : from=10 (err=<nil>) to=10 (err=<nil>)
2025/12/19 16:25:03.944547 [:5002] Accept2PC: ballot=0 seq=4 phase=PREPARE_PHASE txn=2003->6003 amt=1.00
2025/12/19 16:25:03.944547 [:5002] 2PC log: status=P paxos=Accepted phase=PREPARE_PHASE seq=4 ballot=0 txn=2003->6003 amt=1.00 ts=1766179501283187903
2025/12/19 16:25:03.944547 [:5002] Accept2PC: accepted seq=4 ballot=0 phase=PREPARE_PHASE
2025/12/19 16:25:03.945720 [:5002] Commit2PC: seq=4 ballot=0 phase=PREPARE_PHASE txn=2003->6003 amt=1.00
2025/12/19 16:25:03.967456 [:5002] Accept2PC: ballot=0 seq=4 phase=COMMIT_PHASE txn=2003->6003 amt=1.00
2025/12/19 16:25:03.967456 [:5002] 2PC log: status=C paxos=Accepted phase=COMMIT_PHASE seq=4 ballot=0 txn=2003->6003 amt=1.00 ts=1766179501283187903
2025/12/19 16:25:03.967456 [:5002] Accept2PC: accepted seq=4 ballot=0 phase=COMMIT_PHASE
2025/12/19 16:25:04.021431 [:5002] Commit2PC: seq=4 ballot=0 phase=COMMIT_PHASE txn=2003->6003 amt=1.00
2025/12/19 16:25:04.021431 [:5002] Commit2PC: Phase: COMMIT_PHASE
2025/12/19 16:25:04.021431 [:5002] 2PC log: status=C paxos=Commit phase=COMMIT_PHASE seq=4 ballot=0 txn=2003->6003 amt=1.00 ts=1766179501283187903
2025/12/19 16:25:04.021431 For node::5002

2025/12/19 16:25:04.021431 (Execute 0 1 
2025/12/19 16:25:04.021431 (6002 2002 1.000000)
2025/12/19 16:25:04.021431 )
2025/12/19 16:25:04.021431 (Execute 0 2 
2025/12/19 16:25:04.021431 (2001 5001 1.000000)
2025/12/19 16:25:04.021431 )
2025/12/19 16:25:04.021431 (Execute 0 3 
2025/12/19 16:25:04.021431 (5003 2004 1.000000)
2025/12/19 16:25:04.021431 )
2025/12/19 16:25:04.021431 (Execute 0 4 
2025/12/19 16:25:04.021431 (2003 6003 1.000000)
2025/12/19 16:25:04.021431 )
2025/12/19 16:25:04.021431 

2025/12/19 16:25:04.021431 [:5002] Balances after txn 2003->6003 ts=1766179501283187903 : from=10 (err=<nil>) to=9 (err=<nil>)
2025/12/19 16:25:05.239849 [:5002] WAL saved seq=1 fromID=6002 trackFrom=false beforeFrom=0 toID=2002 trackTo=true beforeTo=10
2025/12/19 16:25:05.404573 [:5002] WAL saved seq=2 fromID=2001 trackFrom=true beforeFrom=10 toID=5001 trackTo=false beforeTo=0
2025/12/19 16:25:05.541846 [:5002] WAL saved seq=3 fromID=5003 trackFrom=false beforeFrom=0 toID=2004 trackTo=true beforeTo=10
2025/12/19 16:25:05.669154 [:5002] WAL saved seq=4 fromID=2003 trackFrom=true beforeFrom=10 toID=6003 trackTo=false beforeTo=0
2025/12/19 16:25:05.871986 [:5002] executeCrossShardWithWal applied seq=1
2025/12/19 16:25:05.871986 [:5002] Commit2PC: Phase: PREPARE_PHASE
2025/12/19 16:25:05.871986 [:5002] 2PC log: status=P paxos=Commit phase=PREPARE_PHASE seq=1 ballot=0 txn=6002->2002 amt=1.00 ts=1766179501283187902
2025/12/19 16:25:05.871986 [:5002] Balances after txn 6002->2002 ts=1766179501283187902 : from=11 (err=<nil>) to=11 (err=<nil>)
2025/12/19 16:25:05.979256 [:5002] executeCrossShardWithWal applied seq=2
2025/12/19 16:25:05.979256 [:5002] Commit2PC: Phase: PREPARE_PHASE
2025/12/19 16:25:05.979256 [:5002] 2PC log: status=P paxos=Commit phase=PREPARE_PHASE seq=2 ballot=0 txn=2001->5001 amt=1.00 ts=1766179501283187900
2025/12/19 16:25:05.979256 [:5002] Balances after txn 2001->5001 ts=1766179501283187900 : from=9 (err=<nil>) to=10 (err=<nil>)
2025/12/19 16:25:06.165241 [:5002] executeCrossShardWithWal applied seq=3
2025/12/19 16:25:06.165241 [:5002] Commit2PC: Phase: PREPARE_PHASE
2025/12/19 16:25:06.165241 [:5002] 2PC log: status=P paxos=Commit phase=PREPARE_PHASE seq=3 ballot=0 txn=5003->2004 amt=1.00 ts=1766179501283187904
2025/12/19 16:25:06.165241 [:5002] Balances after txn 5003->2004 ts=1766179501283187904 : from=10 (err=<nil>) to=11 (err=<nil>)
2025/12/19 16:25:06.309213 [:5002] executeCrossShardWithWal applied seq=4
2025/12/19 16:25:06.309911 [:5002] Commit2PC: Phase: PREPARE_PHASE
2025/12/19 16:25:06.309911 [:5002] 2PC log: status=P paxos=Commit phase=PREPARE_PHASE seq=4 ballot=0 txn=2003->6003 amt=1.00 ts=1766179501283187903
2025/12/19 16:25:06.309911 [:5002] Balances after txn 2003->6003 ts=1766179501283187903 : from=9 (err=<nil>) to=9 (err=<nil>)
2025/12/19 16:25:22.429742 [:5002] ResetDB: cleared state seq=0 ballot=0 logs=0 twoPC=0 leader=:5001
2025/12/19 16:25:22.443811 Connected with node: :5001
2025/12/19 16:25:22.444778 Connected with node: :5003
2025/12/19 16:25:22.847850 [:5002] ResetDB: balances reset to 10 for shard 1-3000
2025/12/19 16:25:22.939179 For node :5002 disabled? false
2025/12/19 16:25:22.940346 Connected with node: :5003
2025/12/19 16:25:22.940346 Connected with node: :5001
2025/12/19 16:25:23.339590 [:5002] catchup: fetching logs from :5001
2025/12/19 16:25:23.554214 [:5002] Accept2PC: ballot=0 seq=1 phase=PREPARE_PHASE txn=1001->4001 amt=1.00
2025/12/19 16:25:23.554751 [:5002] 2PC log: status=P paxos=Accepted phase=PREPARE_PHASE seq=1 ballot=0 txn=1001->4001 amt=1.00 ts=1766179501283187906
2025/12/19 16:25:23.554751 [:5002] Accept2PC: accepted seq=1 ballot=0 phase=PREPARE_PHASE
2025/12/19 16:25:23.559800 [:5002] Commit2PC: seq=1 ballot=0 phase=PREPARE_PHASE txn=1001->4001 amt=1.00
2025/12/19 16:25:23.565156 [:5002] Accept2PC: ballot=0 seq=1 phase=COMMIT_PHASE txn=1001->4001 amt=1.00
2025/12/19 16:25:23.565156 [:5002] 2PC log: status=C paxos=Accepted phase=COMMIT_PHASE seq=1 ballot=0 txn=1001->4001 amt=1.00 ts=1766179501283187906
2025/12/19 16:25:23.565156 [:5002] Accept2PC: accepted seq=1 ballot=0 phase=COMMIT_PHASE
2025/12/19 16:25:23.568093 [:5002] Commit2PC: seq=1 ballot=0 phase=COMMIT_PHASE txn=1001->4001 amt=1.00
2025/12/19 16:25:23.568093 [:5002] Commit2PC: Phase: COMMIT_PHASE
2025/12/19 16:25:23.568093 [:5002] 2PC log: status=C paxos=Commit phase=COMMIT_PHASE seq=1 ballot=0 txn=1001->4001 amt=1.00 ts=1766179501283187906
2025/12/19 16:25:23.568093 For node::5002

2025/12/19 16:25:23.568093 (Execute 0 1 
2025/12/19 16:25:23.568093 (1001 4001 1.000000)
2025/12/19 16:25:23.568093 )
2025/12/19 16:25:23.568093 

2025/12/19 16:25:23.568626 [:5002] Balances after txn 1001->4001 ts=1766179501283187906 : from=10 (err=<nil>) to=10 (err=<nil>)
2025/12/19 16:25:23.568626 [:5002] Accept2PC: ballot=0 seq=2 phase=PREPARE_PHASE txn=1002->4001 amt=1.00
2025/12/19 16:25:23.568626 [:5002] 2PC log: status=P paxos=Accepted phase=PREPARE_PHASE seq=2 ballot=0 txn=1002->4001 amt=1.00 ts=1766179501283187907
2025/12/19 16:25:23.568626 [:5002] Accept2PC: accepted seq=2 ballot=0 phase=PREPARE_PHASE
2025/12/19 16:25:23.570317 [:5002] Commit2PC: seq=2 ballot=0 phase=PREPARE_PHASE txn=1002->4001 amt=1.00
2025/12/19 16:25:23.575433 [:5002] Accept2PC: ballot=0 seq=2 phase=COMMIT_PHASE txn=1002->4001 amt=1.00
2025/12/19 16:25:23.575433 [:5002] 2PC log: status=C paxos=Accepted phase=COMMIT_PHASE seq=2 ballot=0 txn=1002->4001 amt=1.00 ts=1766179501283187907
2025/12/19 16:25:23.575983 [:5002] Accept2PC: accepted seq=2 ballot=0 phase=COMMIT_PHASE
2025/12/19 16:25:23.577085 [:5002] Commit2PC: seq=2 ballot=0 phase=COMMIT_PHASE txn=1002->4001 amt=1.00
2025/12/19 16:25:23.577085 [:5002] Commit2PC: Phase: COMMIT_PHASE
2025/12/19 16:25:23.577085 [:5002] 2PC log: status=C paxos=Commit phase=COMMIT_PHASE seq=2 ballot=0 txn=1002->4001 amt=1.00 ts=1766179501283187907
2025/12/19 16:25:23.577085 For node::5002

2025/12/19 16:25:23.577085 (Execute 0 1 
2025/12/19 16:25:23.577085 (1001 4001 1.000000)
2025/12/19 16:25:23.577085 )
2025/12/19 16:25:23.577085 (Execute 0 2 
2025/12/19 16:25:23.577085 (1002 4001 1.000000)
2025/12/19 16:25:23.577085 )
2025/12/19 16:25:23.577085 

2025/12/19 16:25:23.577085 [:5002] Balances after txn 1002->4001 ts=1766179501283187907 : from=10 (err=<nil>) to=10 (err=<nil>)
2025/12/19 16:25:24.799860 [:5002] WAL saved seq=1 fromID=1001 trackFrom=true beforeFrom=10 toID=4001 trackTo=false beforeTo=0
2025/12/19 16:25:24.928571 [:5002] WAL saved seq=2 fromID=1002 trackFrom=true beforeFrom=10 toID=4001 trackTo=false beforeTo=0
2025/12/19 16:25:25.143151 [:5002] executeCrossShardWithWal applied seq=1
2025/12/19 16:25:25.143151 [:5002] Commit2PC: Phase: PREPARE_PHASE
2025/12/19 16:25:25.143902 [:5002] 2PC log: status=P paxos=Commit phase=PREPARE_PHASE seq=1 ballot=0 txn=1001->4001 amt=1.00 ts=1766179501283187906
2025/12/19 16:25:25.143902 [:5002] Balances after txn 1001->4001 ts=1766179501283187906 : from=9 (err=<nil>) to=10 (err=<nil>)
2025/12/19 16:25:25.340768 [:5002] executeCrossShardWithWal applied seq=2
2025/12/19 16:25:25.340768 [:5002] Commit2PC: Phase: PREPARE_PHASE
2025/12/19 16:25:25.340768 [:5002] 2PC log: status=P paxos=Commit phase=PREPARE_PHASE seq=2 ballot=0 txn=1002->4001 amt=1.00 ts=1766179501283187907
2025/12/19 16:25:25.340768 [:5002] Balances after txn 1002->4001 ts=1766179501283187907 : from=9 (err=<nil>) to=10 (err=<nil>)
2025/12/19 16:25:25.708043 [:5002] Request2PC: forwarding to leader :5001
2025/12/19 16:25:30.225053 [:5002] got Prepare, ballot 1 (current 0)
2025/12/19 16:25:30.228246 [:5002] RECEIVED NEW-VIEW from :5003 (ballot 1)
2025/12/19 16:25:31.020727 [:5002] Accept2PC: ballot=1 seq=3 phase=PREPARE_PHASE txn=1003->4001 amt=1.00
2025/12/19 16:25:31.020727 [:5002] 2PC log: status=P paxos=Accepted phase=PREPARE_PHASE seq=3 ballot=1 txn=1003->4001 amt=1.00 ts=1766179501283187908
2025/12/19 16:25:31.020727 [:5002] Accept2PC: accepted seq=3 ballot=1 phase=PREPARE_PHASE
2025/12/19 16:25:31.021232 [:5002] Commit2PC: seq=3 ballot=1 phase=PREPARE_PHASE txn=1003->4001 amt=1.00
2025/12/19 16:25:31.026767 [:5002] Accept2PC: ballot=1 seq=3 phase=COMMIT_PHASE txn=1003->4001 amt=1.00
2025/12/19 16:25:31.027285 [:5002] 2PC log: status=C paxos=Accepted phase=COMMIT_PHASE seq=3 ballot=1 txn=1003->4001 amt=1.00 ts=1766179501283187908
2025/12/19 16:25:31.027285 [:5002] Accept2PC: accepted seq=3 ballot=1 phase=COMMIT_PHASE
2025/12/19 16:25:31.027285 [:5002] Commit2PC: seq=3 ballot=1 phase=COMMIT_PHASE txn=1003->4001 amt=1.00
2025/12/19 16:25:31.027285 [:5002] Commit2PC: Phase: COMMIT_PHASE
2025/12/19 16:25:31.027285 [:5002] 2PC log: status=C paxos=Commit phase=COMMIT_PHASE seq=3 ballot=1 txn=1003->4001 amt=1.00 ts=1766179501283187908
2025/12/19 16:25:31.027285 For node::5002

2025/12/19 16:25:31.027285 (Execute 0 1 
2025/12/19 16:25:31.027285 (1001 4001 1.000000)
2025/12/19 16:25:31.027285 )
2025/12/19 16:25:31.027285 (Execute 0 2 
2025/12/19 16:25:31.027837 (1002 4001 1.000000)
2025/12/19 16:25:31.027837 )
2025/12/19 16:25:31.027837 (Execute 1 3 
2025/12/19 16:25:31.027837 (1003 4001 1.000000)
2025/12/19 16:25:31.027837 )
2025/12/19 16:25:31.027837 

2025/12/19 16:25:31.027837 [:5002] Balances after txn 1003->4001 ts=1766179501283187908 : from=10 (err=<nil>) to=10 (err=<nil>)
2025/12/19 16:25:31.279614 [:5002] WAL saved seq=3 fromID=1003 trackFrom=true beforeFrom=10 toID=4001 trackTo=false beforeTo=0
2025/12/19 16:25:31.329571 For node :5002 disabled? true
2025/12/19 16:25:31.407058 [:5002] executeCrossShardWithWal applied seq=3
2025/12/19 16:25:31.407058 [:5002] Commit2PC: Phase: PREPARE_PHASE
2025/12/19 16:25:31.407058 [:5002] 2PC log: status=P paxos=Commit phase=PREPARE_PHASE seq=3 ballot=1 txn=1003->4001 amt=1.00 ts=1766179501283187908
2025/12/19 16:25:31.407058 [:5002] Balances after txn 1003->4001 ts=1766179501283187908 : from=9 (err=<nil>) to=10 (err=<nil>)
2025/12/19 16:25:32.097665 For node :5002 disabled? false
2025/12/19 16:25:32.099311 Connected with node: :5001
2025/12/19 16:25:32.101005 Connected with node: :5003
2025/12/19 16:25:32.111263 For node :5002 disabled? false
2025/12/19 16:25:32.112926 Connected with node: :5001
2025/12/19 16:25:32.113999 Connected with node: :5003
2025/12/19 16:25:32.130608 For node :5002 disabled? false
2025/12/19 16:25:32.132742 Connected with node: :5001
2025/12/19 16:25:32.132742 Connected with node: :5003
2025/12/19 16:25:32.150060 For node :5002 disabled? false
2025/12/19 16:25:32.153444 Connected with node: :5001
2025/12/19 16:25:32.153444 Connected with node: :5003
2025/12/19 16:25:32.168590 For node :5002 disabled? false
2025/12/19 16:25:32.170920 Connected with node: :5003
2025/12/19 16:25:32.170920 Connected with node: :5001
2025/12/19 16:25:32.498897 [:5002] catchup: fetching logs from :5001
2025/12/19 16:25:32.511930 [:5002] catchup: fetching logs from :5001
2025/12/19 16:25:32.532866 [:5002] catchup: fetching logs from :5001
2025/12/19 16:25:32.551592 [:5002] catchup: fetching logs from :5001
2025/12/19 16:25:32.570311 [:5002] catchup: fetching logs from :5001
2025/12/19 16:26:05.705399 [:5002] ResetDB: cleared state seq=0 ballot=0 logs=0 twoPC=0 leader=:5001
2025/12/19 16:26:05.722144 Connected with node: :5003
2025/12/19 16:26:05.722556 Connected with node: :5001
2025/12/19 16:26:06.213425 [:5002] ResetDB: balances reset to 10 for shard 1-3000
2025/12/19 16:26:06.249326 For node :5002 disabled? false
2025/12/19 16:26:06.250978 Connected with node: :5003
2025/12/19 16:26:06.250978 Connected with node: :5001
2025/12/19 16:26:06.650217 [:5002] catchup: fetching logs from :5001
2025/12/19 16:26:07.793756 For node::5002

2025/12/19 16:26:07.793756 (Commit 0 1 
2025/12/19 16:26:07.793756 (2 3 1.000000)
2025/12/19 16:26:07.793756 )
2025/12/19 16:26:07.793756 

2025/12/19 16:26:07.970415 Node :5002 Successfully executed transaction -  2 3 1
2025/12/19 16:26:07.970415 For node::5002

2025/12/19 16:26:07.970415 (Execute 0 1 
2025/12/19 16:26:07.970415 (2 3 1.000000)
2025/12/19 16:26:07.970415 )
2025/12/19 16:26:07.970415 

2025/12/19 16:26:07.970415 [:5002] Accept2PC: ballot=0 seq=2 phase=PREPARE_PHASE txn=1->3001 amt=1.00
2025/12/19 16:26:07.970415 [:5002] 2PC log: status=P paxos=Accepted phase=PREPARE_PHASE seq=2 ballot=0 txn=1->3001 amt=1.00 ts=1766179501283187910
2025/12/19 16:26:07.970415 [:5002] Accept2PC: accepted seq=2 ballot=0 phase=PREPARE_PHASE
2025/12/19 16:26:07.970921 [:5002] Commit2PC: seq=2 ballot=0 phase=PREPARE_PHASE txn=1->3001 amt=1.00
2025/12/19 16:26:07.974212 [:5002] Accept2PC: ballot=0 seq=2 phase=COMMIT_PHASE txn=1->3001 amt=1.00
2025/12/19 16:26:07.974212 [:5002] 2PC log: status=C paxos=Accepted phase=COMMIT_PHASE seq=2 ballot=0 txn=1->3001 amt=1.00 ts=1766179501283187910
2025/12/19 16:26:07.974212 [:5002] Accept2PC: accepted seq=2 ballot=0 phase=COMMIT_PHASE
2025/12/19 16:26:07.974740 [:5002] Commit2PC: seq=2 ballot=0 phase=COMMIT_PHASE txn=1->3001 amt=1.00
2025/12/19 16:26:07.974740 [:5002] Commit2PC: Phase: COMMIT_PHASE
2025/12/19 16:26:07.974740 [:5002] 2PC log: status=C paxos=Commit phase=COMMIT_PHASE seq=2 ballot=0 txn=1->3001 amt=1.00 ts=1766179501283187910
2025/12/19 16:26:07.974740 For node::5002

2025/12/19 16:26:07.974740 (Execute 0 1 
2025/12/19 16:26:07.974740 (2 3 1.000000)
2025/12/19 16:26:07.974740 )
2025/12/19 16:26:07.974740 (Execute 0 2 
2025/12/19 16:26:07.974740 (1 3001 1.000000)
2025/12/19 16:26:07.974740 )
2025/12/19 16:26:07.974740 

2025/12/19 16:26:07.974740 [:5002] Balances after txn 1->3001 ts=1766179501283187910 : from=10 (err=<nil>) to=20 (err=<nil>)
2025/12/19 16:26:08.105823 [:5002] WAL saved seq=2 fromID=1 trackFrom=true beforeFrom=10 toID=3001 trackTo=false beforeTo=0
2025/12/19 16:26:08.256006 [:5002] executeCrossShardWithWal applied seq=2
2025/12/19 16:26:08.256206 [:5002] Commit2PC: Phase: PREPARE_PHASE
2025/12/19 16:26:08.256206 [:5002] 2PC log: status=P paxos=Commit phase=PREPARE_PHASE seq=2 ballot=0 txn=1->3001 amt=1.00 ts=1766179501283187910
2025/12/19 16:26:08.256206 [:5002] Balances after txn 1->3001 ts=1766179501283187910 : from=9 (err=<nil>) to=20 (err=<nil>)
2025/12/19 16:26:08.256850 For node::5002

2025/12/19 16:26:08.256850 (Execute 0 1 
2025/12/19 16:26:08.256850 (2 3 1.000000)
2025/12/19 16:26:08.256850 )
2025/12/19 16:26:08.256850 (Execute 0 2 
2025/12/19 16:26:08.256850 (1 3001 1.000000)
2025/12/19 16:26:08.256850 )
2025/12/19 16:26:08.256850 (Commit 0 3 
2025/12/19 16:26:08.256850 (4 5 1.000000)
2025/12/19 16:26:08.256850 )
2025/12/19 16:26:08.256850 

2025/12/19 16:26:08.353464 Node :5002 Successfully executed transaction -  4 5 1
2025/12/19 16:26:08.354043 For node::5002

2025/12/19 16:26:08.354043 (Execute 0 1 
2025/12/19 16:26:08.354043 (2 3 1.000000)
2025/12/19 16:26:08.354043 )
2025/12/19 16:26:08.354043 (Execute 0 2 
2025/12/19 16:26:08.354043 (1 3001 1.000000)
2025/12/19 16:26:08.354043 )
2025/12/19 16:26:08.354043 (Execute 0 3 
2025/12/19 16:26:08.354043 (4 5 1.000000)
2025/12/19 16:26:08.354043 )
2025/12/19 16:26:08.354043 

2025/12/19 16:26:08.354043 For node :5002 disabled? true
2025/12/19 16:26:09.709399 [:5002] Accept2PC: disabled
2025/12/19 16:26:09.763491 [:5002] Accept2PC: disabled
2025/12/19 16:26:09.910210 [:5002] Accept2PC: disabled
2025/12/19 16:26:09.964820 [:5002] Accept2PC: disabled
2025/12/19 16:26:10.068761 For node :5002 disabled? false
2025/12/19 16:26:10.070354 Connected with node: :5003
2025/12/19 16:26:10.070354 Connected with node: :5001
2025/12/19 16:26:10.110332 [:5002] Accept2PC: disabled
2025/12/19 16:26:10.164961 [:5002] Accept2PC: disabled
2025/12/19 16:26:10.311304 [:5002] Accept2PC: disabled
2025/12/19 16:26:10.365494 [:5002] Accept2PC: disabled
2025/12/19 16:26:10.469519 [:5002] catchup: fetching logs from :5001
2025/12/19 16:26:10.512412 [:5002] Accept2PC: ballot=0 seq=6 phase=PREPARE_PHASE txn=3001->2 amt=1.00
2025/12/19 16:26:10.512412 [:5002] 2PC log: status=P paxos=Accepted phase=PREPARE_PHASE seq=6 ballot=0 txn=3001->2 amt=1.00 ts=1766179501283187913
2025/12/19 16:26:10.512412 [:5002] Accept2PC: accepted seq=6 ballot=0 phase=PREPARE_PHASE
2025/12/19 16:26:10.566418 [:5002] Accept2PC: ballot=0 seq=6 phase=COMMIT_PHASE txn=3001->2 amt=1.00
2025/12/19 16:26:10.566482 [:5002] 2PC log: status=C paxos=Accepted phase=COMMIT_PHASE seq=6 ballot=0 txn=3001->2 amt=1.00 ts=1766179501283187913
2025/12/19 16:26:10.566482 [:5002] Accept2PC: accepted seq=6 ballot=0 phase=COMMIT_PHASE
2025/12/19 16:26:11.054192 For node::5002

2025/12/19 16:26:11.054192 (Execute 0 1 
2025/12/19 16:26:11.054192 (2 3 1.000000)
2025/12/19 16:26:11.054192 )
2025/12/19 16:26:11.054192 (Execute 0 2 
2025/12/19 16:26:11.054697 (1 3001 1.000000)
2025/12/19 16:26:11.054697 )
2025/12/19 16:26:11.054697 (Execute 0 3 
2025/12/19 16:26:11.054697 (4 5 1.000000)
2025/12/19 16:26:11.054697 )
2025/12/19 16:26:11.054697 (Execute 0 4 
2025/12/19 16:26:11.054697 (1 5 1.000000)
2025/12/19 16:26:11.054697 )
2025/12/19 16:26:11.054697 (Execute 0 5 
2025/12/19 16:26:11.054697 (3 4 1.000000)
2025/12/19 16:26:11.054697 )
2025/12/19 16:26:11.054697 (Execute 0 6 
2025/12/19 16:26:11.054697 (3001 2 1.000000)
2025/12/19 16:26:11.054697 )
2025/12/19 16:26:11.054697 (Commit 0 7 
2025/12/19 16:26:11.054697 (4 5 1.000000)
2025/12/19 16:26:11.054697 )
2025/12/19 16:26:11.054697 

2025/12/19 16:26:11.169019 Node :5002 Successfully executed transaction -  4 5 1
2025/12/19 16:26:11.169019 For node::5002

2025/12/19 16:26:11.169019 (Execute 0 1 
2025/12/19 16:26:11.169019 (2 3 1.000000)
2025/12/19 16:26:11.169019 )
2025/12/19 16:26:11.169019 (Execute 0 2 
2025/12/19 16:26:11.169019 (1 3001 1.000000)
2025/12/19 16:26:11.169715 )
2025/12/19 16:26:11.169715 (Execute 0 3 
2025/12/19 16:26:11.169715 (4 5 1.000000)
2025/12/19 16:26:11.169715 )
2025/12/19 16:26:11.169715 (Execute 0 4 
2025/12/19 16:26:11.169715 (1 5 1.000000)
2025/12/19 16:26:11.169715 )
2025/12/19 16:26:11.169715 (Execute 0 5 
2025/12/19 16:26:11.169715 (3 4 1.000000)
2025/12/19 16:26:11.169715 )
2025/12/19 16:26:11.169715 (Execute 0 6 
2025/12/19 16:26:11.169715 (3001 2 1.000000)
2025/12/19 16:26:11.169715 )
2025/12/19 16:26:11.169715 (Execute 0 7 
2025/12/19 16:26:11.169715 (4 5 1.000000)
2025/12/19 16:26:11.169715 )
2025/12/19 16:26:11.169715 

2025/12/19 16:26:11.169715 [:5002] Accept2PC: ballot=0 seq=8 phase=PREPARE_PHASE txn=3->3001 amt=1.00
2025/12/19 16:26:11.169715 [:5002] 2PC log: status=P paxos=Accepted phase=PREPARE_PHASE seq=8 ballot=0 txn=3->3001 amt=1.00 ts=1766179501283187916
2025/12/19 16:26:11.169715 [:5002] Accept2PC: accepted seq=8 ballot=0 phase=PREPARE_PHASE
2025/12/19 16:26:11.170221 [:5002] Commit2PC: seq=8 ballot=0 phase=PREPARE_PHASE txn=3->3001 amt=1.00
2025/12/19 16:26:11.172353 [:5002] Accept2PC: ballot=0 seq=8 phase=COMMIT_PHASE txn=3->3001 amt=1.00
2025/12/19 16:26:11.172353 [:5002] 2PC log: status=C paxos=Accepted phase=COMMIT_PHASE seq=8 ballot=0 txn=3->3001 amt=1.00 ts=1766179501283187916
2025/12/19 16:26:11.172353 [:5002] Accept2PC: accepted seq=8 ballot=0 phase=COMMIT_PHASE
2025/12/19 16:26:11.172889 [:5002] Commit2PC: seq=8 ballot=0 phase=COMMIT_PHASE txn=3->3001 amt=1.00
2025/12/19 16:26:11.172889 [:5002] Commit2PC: Phase: COMMIT_PHASE
2025/12/19 16:26:11.172889 [:5002] 2PC log: status=C paxos=Commit phase=COMMIT_PHASE seq=8 ballot=0 txn=3->3001 amt=1.00 ts=1766179501283187916
2025/12/19 16:26:11.172889 For node::5002

2025/12/19 16:26:11.172957 (Execute 0 1 
2025/12/19 16:26:11.172957 (2 3 1.000000)
2025/12/19 16:26:11.172957 )
2025/12/19 16:26:11.172957 (Execute 0 2 
2025/12/19 16:26:11.172957 (1 3001 1.000000)
2025/12/19 16:26:11.172957 )
2025/12/19 16:26:11.172957 (Execute 0 3 
2025/12/19 16:26:11.172957 (4 5 1.000000)
2025/12/19 16:26:11.172957 )
2025/12/19 16:26:11.172957 (Execute 0 4 
2025/12/19 16:26:11.172957 (1 5 1.000000)
2025/12/19 16:26:11.172957 )
2025/12/19 16:26:11.172957 (Execute 0 5 
2025/12/19 16:26:11.172957 (3 4 1.000000)
2025/12/19 16:26:11.172957 )
2025/12/19 16:26:11.172957 (Execute 0 6 
2025/12/19 16:26:11.172957 (3001 2 1.000000)
2025/12/19 16:26:11.172957 )
2025/12/19 16:26:11.172957 (Execute 0 7 
2025/12/19 16:26:11.172957 (4 5 1.000000)
2025/12/19 16:26:11.172957 )
2025/12/19 16:26:11.172957 (Execute 0 8 
2025/12/19 16:26:11.172957 (3 3001 1.000000)
2025/12/19 16:26:11.172957 )
2025/12/19 16:26:11.172957 

2025/12/19 16:26:11.172957 [:5002] Balances after txn 3->3001 ts=1766179501283187916 : from=11 (err=<nil>) to=20 (err=<nil>)
2025/12/19 16:26:11.334402 [:5002] WAL saved seq=8 fromID=3 trackFrom=true beforeFrom=11 toID=3001 trackTo=false beforeTo=0
2025/12/19 16:26:11.450408 [:5002] executeCrossShardWithWal applied seq=8
2025/12/19 16:26:11.450408 [:5002] Commit2PC: Phase: PREPARE_PHASE
2025/12/19 16:26:11.450408 [:5002] 2PC log: status=P paxos=Commit phase=PREPARE_PHASE seq=8 ballot=0 txn=3->3001 amt=1.00 ts=1766179501283187916
2025/12/19 16:26:11.450408 [:5002] Balances after txn 3->3001 ts=1766179501283187916 : from=10 (err=<nil>) to=20 (err=<nil>)
2025/12/19 16:26:12.238724 [:5002] Request2PC: forwarding to leader :5001
2025/12/19 16:26:17.821563 [:5002] got Prepare, ballot 1 (current 0)
2025/12/19 16:26:17.825577 [:5002] RECEIVED NEW-VIEW from :5003 (ballot 1)
2025/12/19 16:26:18.180449 [:5002] Accept2PC: ballot=1 seq=9 phase=PREPARE_PHASE txn=4->3001 amt=1.00
2025/12/19 16:26:18.180449 [:5002] 2PC log: status=P paxos=Accepted phase=PREPARE_PHASE seq=9 ballot=1 txn=4->3001 amt=1.00 ts=1766179501283187918
2025/12/19 16:26:18.180449 [:5002] Accept2PC: accepted seq=9 ballot=1 phase=PREPARE_PHASE
2025/12/19 16:26:18.180967 [:5002] Commit2PC: seq=9 ballot=1 phase=PREPARE_PHASE txn=4->3001 amt=1.00
2025/12/19 16:26:18.185200 [:5002] Accept2PC: ballot=1 seq=9 phase=COMMIT_PHASE txn=4->3001 amt=1.00
2025/12/19 16:26:18.185200 [:5002] 2PC log: status=C paxos=Accepted phase=COMMIT_PHASE seq=9 ballot=1 txn=4->3001 amt=1.00 ts=1766179501283187918
2025/12/19 16:26:18.185200 [:5002] Accept2PC: accepted seq=9 ballot=1 phase=COMMIT_PHASE
2025/12/19 16:26:18.185736 [:5002] Commit2PC: seq=9 ballot=1 phase=COMMIT_PHASE txn=4->3001 amt=1.00
2025/12/19 16:26:18.186376 [:5002] Commit2PC: Phase: COMMIT_PHASE
2025/12/19 16:26:18.186376 [:5002] 2PC log: status=C paxos=Commit phase=COMMIT_PHASE seq=9 ballot=1 txn=4->3001 amt=1.00 ts=1766179501283187918
2025/12/19 16:26:18.186376 For node::5002

2025/12/19 16:26:18.186376 (Execute 0 1 
2025/12/19 16:26:18.186376 (2 3 1.000000)
2025/12/19 16:26:18.186376 )
2025/12/19 16:26:18.186376 (Execute 0 2 
2025/12/19 16:26:18.186376 (1 3001 1.000000)
2025/12/19 16:26:18.186376 )
2025/12/19 16:26:18.186376 (Execute 0 3 
2025/12/19 16:26:18.186376 (4 5 1.000000)
2025/12/19 16:26:18.186376 )
2025/12/19 16:26:18.186376 (Execute 0 4 
2025/12/19 16:26:18.186376 (1 5 1.000000)
2025/12/19 16:26:18.186376 )
2025/12/19 16:26:18.186376 (Execute 0 5 
2025/12/19 16:26:18.186376 (3 4 1.000000)
2025/12/19 16:26:18.186376 )
2025/12/19 16:26:18.186376 (Execute 0 6 
2025/12/19 16:26:18.186376 (3001 2 1.000000)
2025/12/19 16:26:18.186376 )
2025/12/19 16:26:18.186376 (Execute 0 7 
2025/12/19 16:26:18.186376 (4 5 1.000000)
2025/12/19 16:26:18.186376 )
2025/12/19 16:26:18.186376 (Execute 0 8 
2025/12/19 16:26:18.186376 (3 3001 1.000000)
2025/12/19 16:26:18.186376 )
2025/12/19 16:26:18.186376 (Execute 1 9 
2025/12/19 16:26:18.186376 (4 3001 1.000000)
2025/12/19 16:26:18.186376 )
2025/12/19 16:26:18.186376 

2025/12/19 16:26:18.186897 [:5002] Balances after txn 4->3001 ts=1766179501283187918 : from=8 (err=<nil>) to=20 (err=<nil>)
2025/12/19 16:26:18.204307 For node :5002 disabled? false
2025/12/19 16:26:18.205966 Connected with node: :5001
2025/12/19 16:26:18.205966 Connected with node: :5003
2025/12/19 16:26:18.216879 For node :5002 disabled? false
2025/12/19 16:26:18.218549 Connected with node: :5003
2025/12/19 16:26:18.219086 Connected with node: :5001
2025/12/19 16:26:18.227912 For node :5002 disabled? false
2025/12/19 16:26:18.231113 Connected with node: :5003
2025/12/19 16:26:18.231622 Connected with node: :5001
2025/12/19 16:26:18.410991 [:5002] WAL saved seq=9 fromID=4 trackFrom=true beforeFrom=8 toID=3001 trackTo=false beforeTo=0
2025/12/19 16:26:18.526245 [:5002] executeCrossShardWithWal applied seq=9
2025/12/19 16:26:18.526245 [:5002] Commit2PC: Phase: PREPARE_PHASE
2025/12/19 16:26:18.526245 [:5002] 2PC log: status=P paxos=Commit phase=PREPARE_PHASE seq=9 ballot=1 txn=4->3001 amt=1.00 ts=1766179501283187918
2025/12/19 16:26:18.526245 [:5002] Balances after txn 4->3001 ts=1766179501283187918 : from=7 (err=<nil>) to=20 (err=<nil>)
2025/12/19 16:26:18.605145 [:5002] catchup: fetching logs from :5001
2025/12/19 16:26:18.617755 [:5002] catchup: fetching logs from :5001
2025/12/19 16:26:18.629261 [:5002] catchup: fetching logs from :5001
