2025/12/19 16:24:56.658377 Creating new node at port :5009
2025/12/19 16:24:56.888018 Created new node
2025/12/19 16:24:56.888902 Connected with peers
2025/12/19 16:24:56.893823 Node running on :5009
2025/12/19 16:24:56.894447 Connected with node: :5007
2025/12/19 16:24:56.894447 Connected with node: :5008
2025/12/19 16:25:02.522691 [:5009] ResetDB: cleared state seq=0 ballot=0 logs=0 twoPC=0 leader=:5007
2025/12/19 16:25:02.540077 Connected with node: :5008
2025/12/19 16:25:02.540077 Connected with node: :5007
2025/12/19 16:25:02.678023 [:5009] ResetDB: balances reset to 10 for shard 6001-9000
2025/12/19 16:25:03.161696 For node :5009 disabled? true
2025/12/19 16:25:03.827963 [:5009] Accept2PC: disabled
2025/12/19 16:25:03.875382 [:5009] Accept2PC: disabled
2025/12/19 16:25:03.875471 [:5009] Accept2PC: disabled
2025/12/19 16:25:03.890544 [:5009] Accept2PC: disabled
2025/12/19 16:25:03.938082 [:5009] Accept2PC: disabled
2025/12/19 16:25:03.965788 [:5009] Accept2PC: disabled
2025/12/19 16:25:04.029053 [:5009] Accept2PC: disabled
2025/12/19 16:25:04.029053 [:5009] Accept2PC: disabled
2025/12/19 16:25:04.039444 [:5009] Accept2PC: disabled
2025/12/19 16:25:04.077312 [:5009] Accept2PC: disabled
2025/12/19 16:25:04.077312 [:5009] Accept2PC: disabled
2025/12/19 16:25:04.093433 [:5009] Accept2PC: disabled
2025/12/19 16:25:04.139097 [:5009] Accept2PC: disabled
2025/12/19 16:25:04.166868 [:5009] Accept2PC: disabled
2025/12/19 16:25:04.231010 [:5009] Accept2PC: disabled
2025/12/19 16:25:04.231010 [:5009] Accept2PC: disabled
2025/12/19 16:25:04.240690 [:5009] Accept2PC: disabled
2025/12/19 16:25:04.278492 [:5009] Accept2PC: disabled
2025/12/19 16:25:04.279044 [:5009] Accept2PC: disabled
2025/12/19 16:25:04.294191 [:5009] Accept2PC: disabled
2025/12/19 16:25:04.339773 [:5009] Accept2PC: disabled
2025/12/19 16:25:04.368357 [:5009] Accept2PC: disabled
2025/12/19 16:25:04.431574 [:5009] Accept2PC: disabled
2025/12/19 16:25:04.431574 [:5009] Accept2PC: disabled
2025/12/19 16:25:04.441957 [:5009] Accept2PC: disabled
2025/12/19 16:25:04.480267 [:5009] Accept2PC: disabled
2025/12/19 16:25:04.480531 [:5009] Accept2PC: disabled
2025/12/19 16:25:04.495256 [:5009] Accept2PC: disabled
2025/12/19 16:25:04.540189 [:5009] Accept2PC: disabled
2025/12/19 16:25:04.568771 [:5009] Accept2PC: disabled
2025/12/19 16:25:04.632179 [:5009] Accept2PC: disabled
2025/12/19 16:25:04.632179 [:5009] Accept2PC: disabled
2025/12/19 16:25:04.642861 [:5009] Accept2PC: disabled
2025/12/19 16:25:04.681234 [:5009] Accept2PC: disabled
2025/12/19 16:25:04.681234 [:5009] Accept2PC: disabled
2025/12/19 16:25:04.696194 [:5009] Accept2PC: disabled
2025/12/19 16:25:04.740900 [:5009] Accept2PC: disabled
2025/12/19 16:25:04.770109 [:5009] Accept2PC: disabled
2025/12/19 16:25:04.833596 [:5009] Accept2PC: disabled
2025/12/19 16:25:04.833596 [:5009] Accept2PC: disabled
2025/12/19 16:25:04.844099 [:5009] Accept2PC: disabled
2025/12/19 16:25:04.881378 [:5009] Accept2PC: disabled
2025/12/19 16:25:04.881378 [:5009] Accept2PC: disabled
2025/12/19 16:25:04.897381 [:5009] Accept2PC: disabled
2025/12/19 16:25:04.941660 [:5009] Accept2PC: disabled
2025/12/19 16:25:04.970468 [:5009] Accept2PC: disabled
2025/12/19 16:25:05.034218 [:5009] Accept2PC: disabled
2025/12/19 16:25:05.034218 [:5009] Accept2PC: disabled
2025/12/19 16:25:05.044582 [:5009] Accept2PC: disabled
2025/12/19 16:25:05.082314 [:5009] Accept2PC: disabled
2025/12/19 16:25:05.082844 [:5009] Accept2PC: disabled
2025/12/19 16:25:05.097981 [:5009] Accept2PC: disabled
2025/12/19 16:25:05.142162 [:5009] Accept2PC: disabled
2025/12/19 16:25:05.171171 [:5009] Accept2PC: disabled
2025/12/19 16:25:05.235894 [:5009] Accept2PC: disabled
2025/12/19 16:25:05.235894 [:5009] Accept2PC: disabled
2025/12/19 16:25:05.245406 [:5009] Accept2PC: disabled
2025/12/19 16:25:05.286921 [:5009] Accept2PC: disabled
2025/12/19 16:25:05.286921 [:5009] Accept2PC: disabled
2025/12/19 16:25:05.298053 [:5009] Accept2PC: disabled
2025/12/19 16:25:05.342693 [:5009] Accept2PC: disabled
2025/12/19 16:25:05.371995 [:5009] Accept2PC: disabled
2025/12/19 16:25:05.436897 [:5009] Accept2PC: disabled
2025/12/19 16:25:05.436897 [:5009] Accept2PC: disabled
2025/12/19 16:25:05.447104 [:5009] Accept2PC: disabled
2025/12/19 16:25:05.486986 [:5009] Accept2PC: disabled
2025/12/19 16:25:05.487612 [:5009] Accept2PC: disabled
2025/12/19 16:25:05.499580 [:5009] Accept2PC: disabled
2025/12/19 16:25:05.543893 [:5009] Accept2PC: disabled
2025/12/19 16:25:05.573449 [:5009] Accept2PC: disabled
2025/12/19 16:25:05.638599 [:5009] Accept2PC: disabled
2025/12/19 16:25:05.638599 [:5009] Accept2PC: disabled
2025/12/19 16:25:05.647206 [:5009] Accept2PC: disabled
2025/12/19 16:25:05.688055 [:5009] Accept2PC: disabled
2025/12/19 16:25:05.688055 [:5009] Accept2PC: disabled
2025/12/19 16:25:05.700694 [:5009] Accept2PC: disabled
2025/12/19 16:25:05.745101 [:5009] Accept2PC: disabled
2025/12/19 16:25:05.774312 [:5009] Accept2PC: disabled
2025/12/19 16:25:05.838938 [:5009] Accept2PC: disabled
2025/12/19 16:25:05.838938 [:5009] Accept2PC: disabled
2025/12/19 16:25:05.848627 [:5009] Accept2PC: disabled
2025/12/19 16:25:05.888786 [:5009] Accept2PC: disabled
2025/12/19 16:25:05.888786 [:5009] Accept2PC: disabled
2025/12/19 16:25:05.900861 [:5009] Accept2PC: disabled
2025/12/19 16:25:05.945961 [:5009] Accept2PC: disabled
2025/12/19 16:25:05.975475 [:5009] Accept2PC: disabled
2025/12/19 16:25:06.039383 [:5009] Accept2PC: disabled
2025/12/19 16:25:06.039913 [:5009] Accept2PC: disabled
2025/12/19 16:25:06.050269 [:5009] Accept2PC: disabled
2025/12/19 16:25:06.090581 [:5009] Accept2PC: disabled
2025/12/19 16:25:06.090581 [:5009] Accept2PC: disabled
2025/12/19 16:25:06.102216 [:5009] Accept2PC: disabled
2025/12/19 16:25:06.147364 [:5009] Accept2PC: disabled
2025/12/19 16:25:06.176049 [:5009] Accept2PC: disabled
2025/12/19 16:25:06.241368 [:5009] Accept2PC: disabled
2025/12/19 16:25:06.241368 [:5009] Accept2PC: disabled
2025/12/19 16:25:06.252248 [:5009] Accept2PC: disabled
2025/12/19 16:25:06.295286 [:5009] Accept2PC: disabled
2025/12/19 16:25:06.295286 [:5009] Accept2PC: disabled
2025/12/19 16:25:06.303649 [:5009] Accept2PC: disabled
2025/12/19 16:25:06.348497 [:5009] Accept2PC: disabled
2025/12/19 16:25:06.377998 [:5009] Accept2PC: disabled
2025/12/19 16:25:06.442941 [:5009] Accept2PC: disabled
2025/12/19 16:25:06.442941 [:5009] Accept2PC: disabled
2025/12/19 16:25:06.455522 [:5009] Accept2PC: disabled
2025/12/19 16:25:06.496626 [:5009] Accept2PC: disabled
2025/12/19 16:25:06.496626 [:5009] Accept2PC: disabled
2025/12/19 16:25:06.504724 [:5009] Accept2PC: disabled
2025/12/19 16:25:06.549192 [:5009] Accept2PC: disabled
2025/12/19 16:25:06.579477 [:5009] Accept2PC: disabled
2025/12/19 16:25:06.644049 [:5009] Accept2PC: disabled
2025/12/19 16:25:06.644630 [:5009] Accept2PC: disabled
2025/12/19 16:25:06.656225 [:5009] Accept2PC: disabled
2025/12/19 16:25:06.697937 [:5009] Accept2PC: disabled
2025/12/19 16:25:06.697937 [:5009] Accept2PC: disabled
2025/12/19 16:25:06.706828 [:5009] Accept2PC: disabled
2025/12/19 16:25:06.750766 [:5009] Accept2PC: disabled
2025/12/19 16:25:06.780456 [:5009] Accept2PC: disabled
2025/12/19 16:25:06.845535 [:5009] Accept2PC: disabled
2025/12/19 16:25:06.845535 [:5009] Accept2PC: disabled
2025/12/19 16:25:06.857661 [:5009] Accept2PC: disabled
2025/12/19 16:25:06.898700 [:5009] Accept2PC: disabled
2025/12/19 16:25:06.898700 [:5009] Accept2PC: disabled
2025/12/19 16:25:06.907740 [:5009] Accept2PC: disabled
2025/12/19 16:25:06.953287 [:5009] Accept2PC: disabled
2025/12/19 16:25:06.981502 [:5009] Accept2PC: disabled
2025/12/19 16:25:07.046196 [:5009] Accept2PC: disabled
2025/12/19 16:25:07.046196 [:5009] Accept2PC: disabled
2025/12/19 16:25:07.058306 [:5009] Accept2PC: disabled
2025/12/19 16:25:07.099052 [:5009] Accept2PC: disabled
2025/12/19 16:25:07.099052 [:5009] Accept2PC: disabled
2025/12/19 16:25:07.108725 [:5009] Accept2PC: disabled
2025/12/19 16:25:07.153732 [:5009] Accept2PC: disabled
2025/12/19 16:25:07.182688 [:5009] Accept2PC: disabled
2025/12/19 16:25:07.247206 [:5009] Accept2PC: disabled
2025/12/19 16:25:07.247206 [:5009] Accept2PC: disabled
2025/12/19 16:25:07.259273 [:5009] Accept2PC: disabled
2025/12/19 16:25:07.299851 [:5009] Accept2PC: disabled
2025/12/19 16:25:07.300418 [:5009] Accept2PC: disabled
2025/12/19 16:25:07.309144 [:5009] Accept2PC: disabled
2025/12/19 16:25:07.355214 [:5009] Accept2PC: disabled
2025/12/19 16:25:07.383687 [:5009] Accept2PC: disabled
2025/12/19 16:25:07.449116 [:5009] Accept2PC: disabled
2025/12/19 16:25:07.449116 [:5009] Accept2PC: disabled
2025/12/19 16:25:07.463459 [:5009] Accept2PC: disabled
2025/12/19 16:25:07.501265 [:5009] Accept2PC: disabled
2025/12/19 16:25:07.501265 [:5009] Accept2PC: disabled
2025/12/19 16:25:07.510056 [:5009] Accept2PC: disabled
2025/12/19 16:25:07.556085 [:5009] Accept2PC: disabled
2025/12/19 16:25:07.584961 [:5009] Accept2PC: disabled
2025/12/19 16:25:07.650783 [:5009] Accept2PC: disabled
2025/12/19 16:25:07.650783 [:5009] Accept2PC: disabled
2025/12/19 16:25:07.664193 [:5009] Accept2PC: disabled
2025/12/19 16:25:07.702367 [:5009] Accept2PC: disabled
2025/12/19 16:25:07.702367 [:5009] Accept2PC: disabled
2025/12/19 16:25:07.712144 [:5009] Accept2PC: disabled
2025/12/19 16:25:07.756619 [:5009] Accept2PC: disabled
2025/12/19 16:25:07.785256 [:5009] Accept2PC: disabled
2025/12/19 16:25:07.852112 [:5009] Accept2PC: disabled
2025/12/19 16:25:07.852112 [:5009] Accept2PC: disabled
2025/12/19 16:25:07.867669 [:5009] Accept2PC: disabled
2025/12/19 16:25:07.904646 [:5009] Accept2PC: disabled
2025/12/19 16:25:07.907543 [:5009] Accept2PC: disabled
2025/12/19 16:25:07.914961 [:5009] Accept2PC: disabled
2025/12/19 16:25:07.962637 [:5009] Accept2PC: disabled
2025/12/19 16:25:07.987932 [:5009] Accept2PC: disabled
2025/12/19 16:25:08.053228 [:5009] Accept2PC: disabled
2025/12/19 16:25:08.053228 [:5009] Accept2PC: disabled
2025/12/19 16:25:08.068528 [:5009] Accept2PC: disabled
2025/12/19 16:25:08.106001 [:5009] Accept2PC: disabled
2025/12/19 16:25:08.115876 [:5009] Accept2PC: disabled
2025/12/19 16:25:08.120227 [:5009] Accept2PC: disabled
2025/12/19 16:25:08.166401 [:5009] Accept2PC: disabled
2025/12/19 16:25:08.188880 [:5009] Accept2PC: disabled
2025/12/19 16:25:08.254739 [:5009] Accept2PC: disabled
2025/12/19 16:25:08.254739 [:5009] Accept2PC: disabled
2025/12/19 16:25:08.271821 [:5009] Accept2PC: disabled
2025/12/19 16:25:08.307008 [:5009] Accept2PC: disabled
2025/12/19 16:25:08.317925 [:5009] Accept2PC: disabled
2025/12/19 16:25:08.320346 [:5009] Accept2PC: disabled
2025/12/19 16:25:08.366816 [:5009] Accept2PC: disabled
2025/12/19 16:25:08.389609 [:5009] Accept2PC: disabled
2025/12/19 16:25:08.456195 [:5009] Accept2PC: disabled
2025/12/19 16:25:08.456195 [:5009] Accept2PC: disabled
2025/12/19 16:25:08.473310 [:5009] Accept2PC: disabled
2025/12/19 16:25:08.507847 [:5009] Accept2PC: disabled
2025/12/19 16:25:08.518962 [:5009] Accept2PC: disabled
2025/12/19 16:25:08.521790 [:5009] Accept2PC: disabled
2025/12/19 16:25:08.567543 [:5009] Accept2PC: disabled
2025/12/19 16:25:08.590954 [:5009] Accept2PC: disabled
2025/12/19 16:25:08.657634 [:5009] Accept2PC: disabled
2025/12/19 16:25:08.657634 [:5009] Accept2PC: disabled
2025/12/19 16:25:08.674125 [:5009] Accept2PC: disabled
2025/12/19 16:25:08.708462 [:5009] Accept2PC: disabled
2025/12/19 16:25:08.719817 [:5009] Accept2PC: disabled
2025/12/19 16:25:08.722173 [:5009] Accept2PC: disabled
2025/12/19 16:25:08.768717 [:5009] Accept2PC: disabled
2025/12/19 16:25:08.792001 [:5009] Accept2PC: disabled
2025/12/19 16:25:08.858301 [:5009] Accept2PC: disabled
2025/12/19 16:25:08.858301 [:5009] Accept2PC: disabled
2025/12/19 16:25:08.875558 [:5009] Accept2PC: disabled
2025/12/19 16:25:08.909322 [:5009] Accept2PC: disabled
2025/12/19 16:25:08.920597 [:5009] Accept2PC: disabled
2025/12/19 16:25:08.923224 [:5009] Accept2PC: disabled
2025/12/19 16:25:08.969487 [:5009] Accept2PC: disabled
2025/12/19 16:25:08.992843 [:5009] Accept2PC: disabled
2025/12/19 16:25:09.058710 [:5009] Accept2PC: disabled
2025/12/19 16:25:09.058710 [:5009] Accept2PC: disabled
2025/12/19 16:25:09.075895 [:5009] Accept2PC: disabled
2025/12/19 16:25:09.110039 [:5009] Accept2PC: disabled
2025/12/19 16:25:09.121109 [:5009] Accept2PC: disabled
2025/12/19 16:25:09.124259 [:5009] Accept2PC: disabled
2025/12/19 16:25:09.170585 [:5009] Accept2PC: disabled
2025/12/19 16:25:09.193181 [:5009] Accept2PC: disabled
2025/12/19 16:25:09.259991 [:5009] Accept2PC: disabled
2025/12/19 16:25:09.259991 [:5009] Accept2PC: disabled
2025/12/19 16:25:09.285511 [:5009] Accept2PC: disabled
2025/12/19 16:25:09.310791 [:5009] Accept2PC: disabled
2025/12/19 16:25:09.321895 [:5009] Accept2PC: disabled
2025/12/19 16:25:09.325044 [:5009] Accept2PC: disabled
2025/12/19 16:25:09.371540 [:5009] Accept2PC: disabled
2025/12/19 16:25:09.393899 [:5009] Accept2PC: disabled
2025/12/19 16:25:09.460537 [:5009] Accept2PC: disabled
2025/12/19 16:25:09.460537 [:5009] Accept2PC: disabled
2025/12/19 16:25:09.486340 [:5009] Accept2PC: disabled
2025/12/19 16:25:09.511558 [:5009] Accept2PC: disabled
2025/12/19 16:25:09.522157 [:5009] Accept2PC: disabled
2025/12/19 16:25:09.525271 [:5009] Accept2PC: disabled
2025/12/19 16:25:09.571745 [:5009] Accept2PC: disabled
2025/12/19 16:25:09.594718 [:5009] Accept2PC: disabled
2025/12/19 16:25:09.662047 [:5009] Accept2PC: disabled
2025/12/19 16:25:09.662047 [:5009] Accept2PC: disabled
2025/12/19 16:25:09.686674 [:5009] Accept2PC: disabled
2025/12/19 16:25:09.712986 [:5009] Accept2PC: disabled
2025/12/19 16:25:09.722550 [:5009] Accept2PC: disabled
2025/12/19 16:25:09.726390 [:5009] Accept2PC: disabled
2025/12/19 16:25:09.772867 [:5009] Accept2PC: disabled
2025/12/19 16:25:09.795372 [:5009] Accept2PC: disabled
2025/12/19 16:25:09.863690 [:5009] Accept2PC: disabled
2025/12/19 16:25:09.863690 [:5009] Accept2PC: disabled
2025/12/19 16:25:09.888285 [:5009] Accept2PC: disabled
2025/12/19 16:25:09.913939 [:5009] Accept2PC: disabled
2025/12/19 16:25:09.923671 [:5009] Accept2PC: disabled
2025/12/19 16:25:09.927942 [:5009] Accept2PC: disabled
2025/12/19 16:25:09.973949 [:5009] Accept2PC: disabled
2025/12/19 16:25:09.996925 [:5009] Accept2PC: disabled
2025/12/19 16:25:10.064352 [:5009] Accept2PC: disabled
2025/12/19 16:25:10.064352 [:5009] Accept2PC: disabled
2025/12/19 16:25:10.089548 [:5009] Accept2PC: disabled
2025/12/19 16:25:10.115461 [:5009] Accept2PC: disabled
2025/12/19 16:25:10.124540 [:5009] Accept2PC: disabled
2025/12/19 16:25:10.129870 [:5009] Accept2PC: disabled
2025/12/19 16:25:10.174665 [:5009] Accept2PC: disabled
2025/12/19 16:25:10.197317 [:5009] Accept2PC: disabled
2025/12/19 16:25:10.265992 [:5009] Accept2PC: disabled
2025/12/19 16:25:10.265992 [:5009] Accept2PC: disabled
2025/12/19 16:25:10.290096 [:5009] Accept2PC: disabled
2025/12/19 16:25:10.317967 [:5009] Accept2PC: disabled
2025/12/19 16:25:10.326047 [:5009] Accept2PC: disabled
2025/12/19 16:25:10.331162 [:5009] Accept2PC: disabled
2025/12/19 16:25:10.376171 [:5009] Accept2PC: disabled
2025/12/19 16:25:10.399248 [:5009] Accept2PC: disabled
2025/12/19 16:25:10.466666 [:5009] Accept2PC: disabled
2025/12/19 16:25:10.466666 [:5009] Accept2PC: disabled
2025/12/19 16:25:10.491668 [:5009] Accept2PC: disabled
2025/12/19 16:25:10.518555 [:5009] Accept2PC: disabled
2025/12/19 16:25:10.527582 [:5009] Accept2PC: disabled
2025/12/19 16:25:10.532723 [:5009] Accept2PC: disabled
2025/12/19 16:25:10.577100 [:5009] Accept2PC: disabled
2025/12/19 16:25:10.601534 [:5009] Accept2PC: disabled
2025/12/19 16:25:10.667801 [:5009] Accept2PC: disabled
2025/12/19 16:25:10.667801 [:5009] Accept2PC: disabled
2025/12/19 16:25:10.693193 [:5009] Accept2PC: disabled
2025/12/19 16:25:10.719713 [:5009] Accept2PC: disabled
2025/12/19 16:25:10.728796 [:5009] Accept2PC: disabled
2025/12/19 16:25:10.733566 [:5009] Accept2PC: disabled
2025/12/19 16:25:10.777952 [:5009] Accept2PC: disabled
2025/12/19 16:25:10.802533 [:5009] Accept2PC: disabled
2025/12/19 16:25:10.869467 [:5009] Accept2PC: disabled
2025/12/19 16:25:10.869467 [:5009] Accept2PC: disabled
2025/12/19 16:25:10.893568 [:5009] Accept2PC: disabled
2025/12/19 16:25:10.921086 [:5009] Accept2PC: disabled
2025/12/19 16:25:10.930357 [:5009] Accept2PC: disabled
2025/12/19 16:25:10.935457 [:5009] Accept2PC: disabled
2025/12/19 16:25:10.978748 [:5009] Accept2PC: disabled
2025/12/19 16:25:11.003252 [:5009] Accept2PC: disabled
2025/12/19 16:25:11.069486 [:5009] Accept2PC: disabled
2025/12/19 16:25:11.069996 [:5009] Accept2PC: disabled
2025/12/19 16:25:11.094544 [:5009] Accept2PC: disabled
2025/12/19 16:25:11.121457 [:5009] Accept2PC: disabled
2025/12/19 16:25:11.130532 [:5009] Accept2PC: disabled
2025/12/19 16:25:11.136157 [:5009] Accept2PC: disabled
2025/12/19 16:25:11.180055 [:5009] Accept2PC: disabled
2025/12/19 16:25:11.204541 [:5009] Accept2PC: disabled
2025/12/19 16:25:11.270833 [:5009] Accept2PC: disabled
2025/12/19 16:25:11.270833 [:5009] Accept2PC: disabled
2025/12/19 16:25:11.295795 [:5009] Accept2PC: disabled
2025/12/19 16:25:11.322844 [:5009] Accept2PC: disabled
2025/12/19 16:25:11.331522 [:5009] Accept2PC: disabled
2025/12/19 16:25:11.338903 [:5009] Accept2PC: disabled
2025/12/19 16:25:11.382517 [:5009] Accept2PC: disabled
2025/12/19 16:25:11.405579 [:5009] Accept2PC: disabled
2025/12/19 16:25:11.471929 [:5009] Accept2PC: disabled
2025/12/19 16:25:11.471929 [:5009] Accept2PC: disabled
2025/12/19 16:25:11.496014 [:5009] Accept2PC: disabled
2025/12/19 16:25:11.524424 [:5009] Accept2PC: disabled
2025/12/19 16:25:11.532117 [:5009] Accept2PC: disabled
2025/12/19 16:25:11.545765 [:5009] Accept2PC: disabled
2025/12/19 16:25:11.586185 [:5009] Accept2PC: disabled
2025/12/19 16:25:11.606996 [:5009] Accept2PC: disabled
2025/12/19 16:25:11.672956 [:5009] Accept2PC: disabled
2025/12/19 16:25:11.672956 [:5009] Accept2PC: disabled
2025/12/19 16:25:11.697280 [:5009] Accept2PC: disabled
2025/12/19 16:25:11.725209 [:5009] Accept2PC: disabled
2025/12/19 16:25:11.733316 [:5009] Accept2PC: disabled
2025/12/19 16:25:11.747669 [:5009] Accept2PC: disabled
2025/12/19 16:25:11.787318 [:5009] Accept2PC: disabled
2025/12/19 16:25:11.807616 [:5009] Accept2PC: disabled
2025/12/19 16:25:11.873709 [:5009] Accept2PC: disabled
2025/12/19 16:25:11.873709 [:5009] Accept2PC: disabled
2025/12/19 16:25:11.898535 [:5009] Accept2PC: disabled
2025/12/19 16:25:11.925981 [:5009] Accept2PC: disabled
2025/12/19 16:25:11.934571 [:5009] Accept2PC: disabled
2025/12/19 16:25:11.948750 [:5009] Accept2PC: disabled
2025/12/19 16:25:11.989031 [:5009] Accept2PC: disabled
2025/12/19 16:25:12.008939 [:5009] Accept2PC: disabled
2025/12/19 16:25:12.075820 [:5009] Accept2PC: disabled
2025/12/19 16:25:12.075820 [:5009] Accept2PC: disabled
2025/12/19 16:25:12.098930 [:5009] Accept2PC: disabled
2025/12/19 16:25:12.126764 [:5009] Accept2PC: disabled
2025/12/19 16:25:12.135291 [:5009] Accept2PC: disabled
2025/12/19 16:25:12.151061 [:5009] Accept2PC: disabled
2025/12/19 16:25:12.189243 [:5009] Accept2PC: disabled
2025/12/19 16:25:12.209361 [:5009] Accept2PC: disabled
2025/12/19 16:25:12.276206 [:5009] Accept2PC: disabled
2025/12/19 16:25:12.276727 [:5009] Accept2PC: disabled
2025/12/19 16:25:12.300012 [:5009] Accept2PC: disabled
2025/12/19 16:25:12.328234 [:5009] Accept2PC: disabled
2025/12/19 16:25:12.336331 [:5009] Accept2PC: disabled
2025/12/19 16:25:12.351932 [:5009] Accept2PC: disabled
2025/12/19 16:25:12.390319 [:5009] Accept2PC: disabled
2025/12/19 16:25:12.410937 [:5009] Accept2PC: disabled
2025/12/19 16:25:12.477829 [:5009] Accept2PC: disabled
2025/12/19 16:25:12.477829 [:5009] Accept2PC: disabled
2025/12/19 16:25:12.501128 [:5009] Accept2PC: disabled
2025/12/19 16:25:12.528837 [:5009] Accept2PC: disabled
2025/12/19 16:25:12.537252 [:5009] Accept2PC: disabled
2025/12/19 16:25:12.553950 [:5009] Accept2PC: disabled
2025/12/19 16:25:12.591322 [:5009] Accept2PC: disabled
2025/12/19 16:25:12.611676 [:5009] Accept2PC: disabled
2025/12/19 16:25:12.678919 [:5009] Accept2PC: disabled
2025/12/19 16:25:12.678919 [:5009] Accept2PC: disabled
2025/12/19 16:25:12.701454 [:5009] Accept2PC: disabled
2025/12/19 16:25:12.731669 [:5009] Accept2PC: disabled
2025/12/19 16:25:12.739756 [:5009] Accept2PC: disabled
2025/12/19 16:25:12.755043 [:5009] Accept2PC: disabled
2025/12/19 16:25:12.792059 [:5009] Accept2PC: disabled
2025/12/19 16:25:12.812496 [:5009] Accept2PC: disabled
2025/12/19 16:25:12.879053 [:5009] Accept2PC: disabled
2025/12/19 16:25:12.879053 [:5009] Accept2PC: disabled
2025/12/19 16:25:12.902643 [:5009] Accept2PC: disabled
2025/12/19 16:25:12.932419 [:5009] Accept2PC: disabled
2025/12/19 16:25:12.941654 [:5009] Accept2PC: disabled
2025/12/19 16:25:12.955778 [:5009] Accept2PC: disabled
2025/12/19 16:25:13.045913 [:5009] Accept2PC: disabled
2025/12/19 16:25:13.045913 [:5009] Accept2PC: disabled
2025/12/19 16:25:13.080046 [:5009] Accept2PC: disabled
2025/12/19 16:25:13.080046 [:5009] Accept2PC: disabled
2025/12/19 16:25:13.103199 [:5009] Accept2PC: disabled
2025/12/19 16:25:13.133094 [:5009] Accept2PC: disabled
2025/12/19 16:25:13.142363 [:5009] Accept2PC: disabled
2025/12/19 16:25:13.156057 [:5009] Accept2PC: disabled
2025/12/19 16:25:13.246159 [:5009] Accept2PC: disabled
2025/12/19 16:25:13.246159 [:5009] Accept2PC: disabled
2025/12/19 16:25:13.280306 [:5009] Accept2PC: disabled
2025/12/19 16:25:13.280815 [:5009] Accept2PC: disabled
2025/12/19 16:25:13.303860 [:5009] Accept2PC: disabled
2025/12/19 16:25:13.333373 [:5009] Accept2PC: disabled
2025/12/19 16:25:13.343119 [:5009] Accept2PC: disabled
2025/12/19 16:25:13.356894 [:5009] Accept2PC: disabled
2025/12/19 16:25:13.447000 [:5009] Accept2PC: disabled
2025/12/19 16:25:13.447000 [:5009] Accept2PC: disabled
2025/12/19 16:25:13.481261 [:5009] Accept2PC: disabled
2025/12/19 16:25:13.481261 [:5009] Accept2PC: disabled
2025/12/19 16:25:13.504665 [:5009] Accept2PC: disabled
2025/12/19 16:25:13.533729 [:5009] Accept2PC: disabled
2025/12/19 16:25:13.544130 [:5009] Accept2PC: disabled
2025/12/19 16:25:13.557951 [:5009] Accept2PC: disabled
2025/12/19 16:25:13.648478 [:5009] Accept2PC: disabled
2025/12/19 16:25:13.648478 [:5009] Accept2PC: disabled
2025/12/19 16:25:13.682245 [:5009] Accept2PC: disabled
2025/12/19 16:25:13.682245 [:5009] Accept2PC: disabled
2025/12/19 16:25:13.705467 [:5009] Accept2PC: disabled
2025/12/19 16:25:13.734494 [:5009] Accept2PC: disabled
2025/12/19 16:25:13.744560 [:5009] Accept2PC: disabled
2025/12/19 16:25:13.758221 [:5009] Accept2PC: disabled
2025/12/19 16:25:13.849851 [:5009] Accept2PC: disabled
2025/12/19 16:25:13.849851 [:5009] Accept2PC: disabled
2025/12/19 16:25:13.883703 [:5009] Accept2PC: disabled
2025/12/19 16:25:13.883703 [:5009] Accept2PC: disabled
2025/12/19 16:25:13.907063 [:5009] Accept2PC: disabled
2025/12/19 16:25:13.935890 [:5009] Accept2PC: disabled
2025/12/19 16:25:13.945708 [:5009] Accept2PC: disabled
2025/12/19 16:25:13.959130 [:5009] Accept2PC: disabled
2025/12/19 16:25:14.050271 [:5009] Accept2PC: disabled
2025/12/19 16:25:14.050271 [:5009] Accept2PC: disabled
2025/12/19 16:25:14.084109 [:5009] Accept2PC: disabled
2025/12/19 16:25:14.084109 [:5009] Accept2PC: disabled
2025/12/19 16:25:14.108529 [:5009] Accept2PC: disabled
2025/12/19 16:25:14.136554 [:5009] Accept2PC: disabled
2025/12/19 16:25:14.146085 [:5009] Accept2PC: disabled
2025/12/19 16:25:14.160053 [:5009] Accept2PC: disabled
2025/12/19 16:25:14.251584 [:5009] Accept2PC: disabled
2025/12/19 16:25:14.251584 [:5009] Accept2PC: disabled
2025/12/19 16:25:14.285044 [:5009] Accept2PC: disabled
2025/12/19 16:25:14.285044 [:5009] Accept2PC: disabled
2025/12/19 16:25:14.310115 [:5009] Accept2PC: disabled
2025/12/19 16:25:14.337554 [:5009] Accept2PC: disabled
2025/12/19 16:25:14.347780 [:5009] Accept2PC: disabled
2025/12/19 16:25:14.360773 [:5009] Accept2PC: disabled
2025/12/19 16:25:14.452816 [:5009] Accept2PC: disabled
2025/12/19 16:25:14.452816 [:5009] Accept2PC: disabled
2025/12/19 16:25:14.485914 [:5009] Accept2PC: disabled
2025/12/19 16:25:14.485914 [:5009] Accept2PC: disabled
2025/12/19 16:25:14.511516 [:5009] Accept2PC: disabled
2025/12/19 16:25:14.538785 [:5009] Accept2PC: disabled
2025/12/19 16:25:14.547937 [:5009] Accept2PC: disabled
2025/12/19 16:25:14.561384 [:5009] Accept2PC: disabled
2025/12/19 16:25:14.653990 [:5009] Accept2PC: disabled
2025/12/19 16:25:14.653990 [:5009] Accept2PC: disabled
2025/12/19 16:25:14.686896 [:5009] Accept2PC: disabled
2025/12/19 16:25:14.686896 [:5009] Accept2PC: disabled
2025/12/19 16:25:14.712788 [:5009] Accept2PC: disabled
2025/12/19 16:25:14.740128 [:5009] Accept2PC: disabled
2025/12/19 16:25:14.748938 [:5009] Accept2PC: disabled
2025/12/19 16:25:14.762127 [:5009] Accept2PC: disabled
2025/12/19 16:25:14.855230 [:5009] Accept2PC: disabled
2025/12/19 16:25:14.855230 [:5009] Accept2PC: disabled
2025/12/19 16:25:14.887593 [:5009] Accept2PC: disabled
2025/12/19 16:25:14.887593 [:5009] Accept2PC: disabled
2025/12/19 16:25:14.913672 [:5009] Accept2PC: disabled
2025/12/19 16:25:14.942326 [:5009] Accept2PC: disabled
2025/12/19 16:25:14.949847 [:5009] Accept2PC: disabled
2025/12/19 16:25:14.962974 [:5009] Accept2PC: disabled
2025/12/19 16:25:15.056120 [:5009] Accept2PC: disabled
2025/12/19 16:25:15.056120 [:5009] Accept2PC: disabled
2025/12/19 16:25:15.088307 [:5009] Accept2PC: disabled
2025/12/19 16:25:15.088307 [:5009] Accept2PC: disabled
2025/12/19 16:25:15.114401 [:5009] Accept2PC: disabled
2025/12/19 16:25:15.142594 [:5009] Accept2PC: disabled
2025/12/19 16:25:15.151109 [:5009] Accept2PC: disabled
2025/12/19 16:25:15.164366 [:5009] Accept2PC: disabled
2025/12/19 16:25:15.256497 [:5009] Accept2PC: disabled
2025/12/19 16:25:15.257007 [:5009] Accept2PC: disabled
2025/12/19 16:25:15.289230 [:5009] Accept2PC: disabled
2025/12/19 16:25:15.289230 [:5009] Accept2PC: disabled
2025/12/19 16:25:15.315298 [:5009] Accept2PC: disabled
2025/12/19 16:25:15.343563 [:5009] Accept2PC: disabled
2025/12/19 16:25:15.351683 [:5009] Accept2PC: disabled
2025/12/19 16:25:15.365133 [:5009] Accept2PC: disabled
2025/12/19 16:25:15.457857 [:5009] Accept2PC: disabled
2025/12/19 16:25:15.457857 [:5009] Accept2PC: disabled
2025/12/19 16:25:15.491066 [:5009] Accept2PC: disabled
2025/12/19 16:25:15.491066 [:5009] Accept2PC: disabled
2025/12/19 16:25:15.516733 [:5009] Accept2PC: disabled
2025/12/19 16:25:15.545381 [:5009] Accept2PC: disabled
2025/12/19 16:25:15.552647 [:5009] Accept2PC: disabled
2025/12/19 16:25:15.566606 [:5009] Accept2PC: disabled
2025/12/19 16:25:15.658839 [:5009] Accept2PC: disabled
2025/12/19 16:25:15.658839 [:5009] Accept2PC: disabled
2025/12/19 16:25:15.691798 [:5009] Accept2PC: disabled
2025/12/19 16:25:15.691798 [:5009] Accept2PC: disabled
2025/12/19 16:25:15.717330 [:5009] Accept2PC: disabled
2025/12/19 16:25:15.746461 [:5009] Accept2PC: disabled
2025/12/19 16:25:15.754033 [:5009] Accept2PC: disabled
2025/12/19 16:25:15.767844 [:5009] Accept2PC: disabled
2025/12/19 16:25:15.859857 [:5009] Accept2PC: disabled
2025/12/19 16:25:15.859857 [:5009] Accept2PC: disabled
2025/12/19 16:25:15.892706 [:5009] Accept2PC: disabled
2025/12/19 16:25:15.892706 [:5009] Accept2PC: disabled
2025/12/19 16:25:15.919605 [:5009] Accept2PC: disabled
2025/12/19 16:25:15.947014 [:5009] Accept2PC: disabled
2025/12/19 16:25:15.955437 [:5009] Accept2PC: disabled
2025/12/19 16:25:15.968737 [:5009] Accept2PC: disabled
2025/12/19 16:25:16.061525 [:5009] Accept2PC: disabled
2025/12/19 16:25:16.061525 [:5009] Accept2PC: disabled
2025/12/19 16:25:16.093825 [:5009] Accept2PC: disabled
2025/12/19 16:25:16.093825 [:5009] Accept2PC: disabled
2025/12/19 16:25:16.120208 [:5009] Accept2PC: disabled
2025/12/19 16:25:16.147786 [:5009] Accept2PC: disabled
2025/12/19 16:25:16.156575 [:5009] Accept2PC: disabled
2025/12/19 16:25:16.169770 [:5009] Accept2PC: disabled
2025/12/19 16:25:16.262051 [:5009] Accept2PC: disabled
2025/12/19 16:25:16.262051 [:5009] Accept2PC: disabled
2025/12/19 16:25:16.294678 [:5009] Accept2PC: disabled
2025/12/19 16:25:16.294678 [:5009] Accept2PC: disabled
2025/12/19 16:25:16.321701 [:5009] Accept2PC: disabled
2025/12/19 16:25:16.348934 [:5009] Accept2PC: disabled
2025/12/19 16:25:16.357779 [:5009] Accept2PC: disabled
2025/12/19 16:25:16.371275 [:5009] Accept2PC: disabled
2025/12/19 16:25:16.462529 [:5009] Accept2PC: disabled
2025/12/19 16:25:16.462529 [:5009] Accept2PC: disabled
2025/12/19 16:25:16.495803 [:5009] Accept2PC: disabled
2025/12/19 16:25:16.495803 [:5009] Accept2PC: disabled
2025/12/19 16:25:16.523391 [:5009] Accept2PC: disabled
2025/12/19 16:25:16.550251 [:5009] Accept2PC: disabled
2025/12/19 16:25:16.558963 [:5009] Accept2PC: disabled
2025/12/19 16:25:16.571978 [:5009] Accept2PC: disabled
2025/12/19 16:25:16.663468 [:5009] Accept2PC: disabled
2025/12/19 16:25:16.663468 [:5009] Accept2PC: disabled
2025/12/19 16:25:16.696948 [:5009] Accept2PC: disabled
2025/12/19 16:25:16.696948 [:5009] Accept2PC: disabled
2025/12/19 16:25:16.724652 [:5009] Accept2PC: disabled
2025/12/19 16:25:16.750860 [:5009] Accept2PC: disabled
2025/12/19 16:25:16.760246 [:5009] Accept2PC: disabled
2025/12/19 16:25:16.772152 [:5009] Accept2PC: disabled
2025/12/19 16:25:16.863894 [:5009] Accept2PC: disabled
2025/12/19 16:25:16.863894 [:5009] Accept2PC: disabled
2025/12/19 16:25:16.897193 [:5009] Accept2PC: disabled
2025/12/19 16:25:16.897193 [:5009] Accept2PC: disabled
2025/12/19 16:25:16.925031 [:5009] Accept2PC: disabled
2025/12/19 16:25:16.951400 [:5009] Accept2PC: disabled
2025/12/19 16:25:16.961487 [:5009] Accept2PC: disabled
2025/12/19 16:25:16.973412 [:5009] Accept2PC: disabled
2025/12/19 16:25:17.064354 [:5009] Accept2PC: disabled
2025/12/19 16:25:17.064354 [:5009] Accept2PC: disabled
2025/12/19 16:25:17.098994 [:5009] Accept2PC: disabled
2025/12/19 16:25:17.098994 [:5009] Accept2PC: disabled
2025/12/19 16:25:17.126112 [:5009] Accept2PC: disabled
2025/12/19 16:25:17.152405 [:5009] Accept2PC: disabled
2025/12/19 16:25:17.162607 [:5009] Accept2PC: disabled
2025/12/19 16:25:17.174125 [:5009] Accept2PC: disabled
2025/12/19 16:25:17.265164 [:5009] Accept2PC: disabled
2025/12/19 16:25:17.265325 [:5009] Accept2PC: disabled
2025/12/19 16:25:17.299421 [:5009] Accept2PC: disabled
2025/12/19 16:25:17.299421 [:5009] Accept2PC: disabled
2025/12/19 16:25:17.327661 [:5009] Accept2PC: disabled
2025/12/19 16:25:17.352838 [:5009] Accept2PC: disabled
2025/12/19 16:25:17.363467 [:5009] Accept2PC: disabled
2025/12/19 16:25:17.374900 [:5009] Accept2PC: disabled
2025/12/19 16:25:17.466215 [:5009] Accept2PC: disabled
2025/12/19 16:25:17.466215 [:5009] Accept2PC: disabled
2025/12/19 16:25:17.500320 [:5009] Accept2PC: disabled
2025/12/19 16:25:17.500829 [:5009] Accept2PC: disabled
2025/12/19 16:25:17.528405 [:5009] Accept2PC: disabled
2025/12/19 16:25:17.554087 [:5009] Accept2PC: disabled
2025/12/19 16:25:17.563808 [:5009] Accept2PC: disabled
2025/12/19 16:25:17.575708 [:5009] Accept2PC: disabled
2025/12/19 16:25:17.667049 [:5009] Accept2PC: disabled
2025/12/19 16:25:17.667559 [:5009] Accept2PC: disabled
2025/12/19 16:25:17.701133 [:5009] Accept2PC: disabled
2025/12/19 16:25:17.701133 [:5009] Accept2PC: disabled
2025/12/19 16:25:17.729247 [:5009] Accept2PC: disabled
2025/12/19 16:25:17.754948 [:5009] Accept2PC: disabled
2025/12/19 16:25:17.764571 [:5009] Accept2PC: disabled
2025/12/19 16:25:17.776214 [:5009] Accept2PC: disabled
2025/12/19 16:25:17.867289 [:5009] Accept2PC: disabled
2025/12/19 16:25:17.867827 [:5009] Accept2PC: disabled
2025/12/19 16:25:17.902358 [:5009] Accept2PC: disabled
2025/12/19 16:25:17.902358 [:5009] Accept2PC: disabled
2025/12/19 16:25:17.930630 [:5009] Accept2PC: disabled
2025/12/19 16:25:17.955914 [:5009] Accept2PC: disabled
2025/12/19 16:25:17.965697 [:5009] Accept2PC: disabled
2025/12/19 16:25:17.976900 [:5009] Accept2PC: disabled
2025/12/19 16:25:18.068761 [:5009] Accept2PC: disabled
2025/12/19 16:25:18.068761 [:5009] Accept2PC: disabled
2025/12/19 16:25:18.103015 [:5009] Accept2PC: disabled
2025/12/19 16:25:18.103015 [:5009] Accept2PC: disabled
2025/12/19 16:25:18.131600 [:5009] Accept2PC: disabled
2025/12/19 16:25:18.157596 [:5009] Accept2PC: disabled
2025/12/19 16:25:18.166438 [:5009] Accept2PC: disabled
2025/12/19 16:25:18.178148 [:5009] Accept2PC: disabled
2025/12/19 16:25:18.269446 [:5009] Accept2PC: disabled
2025/12/19 16:25:18.269446 [:5009] Accept2PC: disabled
2025/12/19 16:25:18.304320 [:5009] Accept2PC: disabled
2025/12/19 16:25:18.304320 [:5009] Accept2PC: disabled
2025/12/19 16:25:18.332112 [:5009] Accept2PC: disabled
2025/12/19 16:25:18.358632 [:5009] Accept2PC: disabled
2025/12/19 16:25:18.366712 [:5009] Accept2PC: disabled
2025/12/19 16:25:18.379581 [:5009] Accept2PC: disabled
2025/12/19 16:25:18.470175 [:5009] Accept2PC: disabled
2025/12/19 16:25:18.470175 [:5009] Accept2PC: disabled
2025/12/19 16:25:18.505328 [:5009] Accept2PC: disabled
2025/12/19 16:25:18.505328 [:5009] Accept2PC: disabled
2025/12/19 16:25:18.533076 [:5009] Accept2PC: disabled
2025/12/19 16:25:18.560163 [:5009] Accept2PC: disabled
2025/12/19 16:25:18.567678 [:5009] Accept2PC: disabled
2025/12/19 16:25:18.580835 [:5009] Accept2PC: disabled
2025/12/19 16:25:18.671432 [:5009] Accept2PC: disabled
2025/12/19 16:25:18.671432 [:5009] Accept2PC: disabled
2025/12/19 16:25:18.705690 [:5009] Accept2PC: disabled
2025/12/19 16:25:18.705690 [:5009] Accept2PC: disabled
2025/12/19 16:25:18.733843 [:5009] Accept2PC: disabled
2025/12/19 16:25:18.761316 [:5009] Accept2PC: disabled
2025/12/19 16:25:18.768860 [:5009] Accept2PC: disabled
2025/12/19 16:25:18.780935 [:5009] Accept2PC: disabled
2025/12/19 16:25:18.872900 [:5009] Accept2PC: disabled
2025/12/19 16:25:18.872900 [:5009] Accept2PC: disabled
2025/12/19 16:25:18.907258 [:5009] Accept2PC: disabled
2025/12/19 16:25:18.907766 [:5009] Accept2PC: disabled
2025/12/19 16:25:18.934349 [:5009] Accept2PC: disabled
2025/12/19 16:25:18.962332 [:5009] Accept2PC: disabled
2025/12/19 16:25:18.970091 [:5009] Accept2PC: disabled
2025/12/19 16:25:18.982658 [:5009] Accept2PC: disabled
2025/12/19 16:25:19.073980 [:5009] Accept2PC: disabled
2025/12/19 16:25:19.073980 [:5009] Accept2PC: disabled
2025/12/19 16:25:19.108366 [:5009] Accept2PC: disabled
2025/12/19 16:25:19.108366 [:5009] Accept2PC: disabled
2025/12/19 16:25:19.135450 [:5009] Accept2PC: disabled
2025/12/19 16:25:19.163774 [:5009] Accept2PC: disabled
2025/12/19 16:25:19.171128 [:5009] Accept2PC: disabled
2025/12/19 16:25:19.183232 [:5009] Accept2PC: disabled
2025/12/19 16:25:19.275378 [:5009] Accept2PC: disabled
2025/12/19 16:25:19.275378 [:5009] Accept2PC: disabled
2025/12/19 16:25:19.308592 [:5009] Accept2PC: disabled
2025/12/19 16:25:19.308592 [:5009] Accept2PC: disabled
2025/12/19 16:25:19.336202 [:5009] Accept2PC: disabled
2025/12/19 16:25:19.364333 [:5009] Accept2PC: disabled
2025/12/19 16:25:19.372047 [:5009] Accept2PC: disabled
2025/12/19 16:25:19.384459 [:5009] Accept2PC: disabled
2025/12/19 16:25:19.475661 [:5009] Accept2PC: disabled
2025/12/19 16:25:19.475661 [:5009] Accept2PC: disabled
2025/12/19 16:25:19.509613 [:5009] Accept2PC: disabled
2025/12/19 16:25:19.509613 [:5009] Accept2PC: disabled
2025/12/19 16:25:19.537471 [:5009] Accept2PC: disabled
2025/12/19 16:25:19.564800 [:5009] Accept2PC: disabled
2025/12/19 16:25:19.572573 [:5009] Accept2PC: disabled
2025/12/19 16:25:19.585568 [:5009] Accept2PC: disabled
2025/12/19 16:25:19.676231 [:5009] Accept2PC: disabled
2025/12/19 16:25:19.676231 [:5009] Accept2PC: disabled
2025/12/19 16:25:19.710782 [:5009] Accept2PC: disabled
2025/12/19 16:25:19.710782 [:5009] Accept2PC: disabled
2025/12/19 16:25:19.738229 [:5009] Accept2PC: disabled
2025/12/19 16:25:19.766326 [:5009] Accept2PC: disabled
2025/12/19 16:25:19.773528 [:5009] Accept2PC: disabled
2025/12/19 16:25:19.787056 [:5009] Accept2PC: disabled
2025/12/19 16:25:19.877132 [:5009] Accept2PC: disabled
2025/12/19 16:25:19.877132 [:5009] Accept2PC: disabled
2025/12/19 16:25:19.911540 [:5009] Accept2PC: disabled
2025/12/19 16:25:19.911540 [:5009] Accept2PC: disabled
2025/12/19 16:25:19.939133 [:5009] Accept2PC: disabled
2025/12/19 16:25:19.967360 [:5009] Accept2PC: disabled
2025/12/19 16:25:19.973913 [:5009] Accept2PC: disabled
2025/12/19 16:25:19.987113 [:5009] Accept2PC: disabled
2025/12/19 16:25:20.077342 [:5009] Accept2PC: disabled
2025/12/19 16:25:20.077876 [:5009] Accept2PC: disabled
2025/12/19 16:25:20.112154 [:5009] Accept2PC: disabled
2025/12/19 16:25:20.112154 [:5009] Accept2PC: disabled
2025/12/19 16:25:20.139252 [:5009] Accept2PC: disabled
2025/12/19 16:25:20.167935 [:5009] Accept2PC: disabled
2025/12/19 16:25:20.174998 [:5009] Accept2PC: disabled
2025/12/19 16:25:20.188061 [:5009] Accept2PC: disabled
2025/12/19 16:25:20.278202 [:5009] Accept2PC: disabled
2025/12/19 16:25:20.278202 [:5009] Accept2PC: disabled
2025/12/19 16:25:20.313072 [:5009] Accept2PC: disabled
2025/12/19 16:25:20.313072 [:5009] Accept2PC: disabled
2025/12/19 16:25:20.340112 [:5009] Accept2PC: disabled
2025/12/19 16:25:20.369332 [:5009] Accept2PC: disabled
2025/12/19 16:25:20.376223 [:5009] Accept2PC: disabled
2025/12/19 16:25:20.389529 [:5009] Accept2PC: disabled
2025/12/19 16:25:20.479304 [:5009] Accept2PC: disabled
2025/12/19 16:25:20.479814 [:5009] Accept2PC: disabled
2025/12/19 16:25:20.513897 [:5009] Accept2PC: disabled
2025/12/19 16:25:20.513897 [:5009] Accept2PC: disabled
2025/12/19 16:25:20.541101 [:5009] Accept2PC: disabled
2025/12/19 16:25:20.570355 [:5009] Accept2PC: disabled
2025/12/19 16:25:20.576480 [:5009] Accept2PC: disabled
2025/12/19 16:25:20.590268 [:5009] Accept2PC: disabled
2025/12/19 16:25:20.680502 [:5009] Accept2PC: disabled
2025/12/19 16:25:20.680502 [:5009] Accept2PC: disabled
2025/12/19 16:25:20.714326 [:5009] Accept2PC: disabled
2025/12/19 16:25:20.714326 [:5009] Accept2PC: disabled
2025/12/19 16:25:20.741854 [:5009] Accept2PC: disabled
2025/12/19 16:25:20.771507 [:5009] Accept2PC: disabled
2025/12/19 16:25:20.777330 [:5009] Accept2PC: disabled
2025/12/19 16:25:20.791406 [:5009] Accept2PC: disabled
2025/12/19 16:25:20.881521 [:5009] Accept2PC: disabled
2025/12/19 16:25:20.881521 [:5009] Accept2PC: disabled
2025/12/19 16:25:20.915784 [:5009] Accept2PC: disabled
2025/12/19 16:25:20.915784 [:5009] Accept2PC: disabled
2025/12/19 16:25:20.942865 [:5009] Accept2PC: disabled
2025/12/19 16:25:20.972036 [:5009] Accept2PC: disabled
2025/12/19 16:25:20.978242 [:5009] Accept2PC: disabled
2025/12/19 16:25:20.992018 [:5009] Accept2PC: disabled
2025/12/19 16:25:21.081804 [:5009] Accept2PC: disabled
2025/12/19 16:25:21.081804 [:5009] Accept2PC: disabled
2025/12/19 16:25:21.116415 [:5009] Accept2PC: disabled
2025/12/19 16:25:21.116415 [:5009] Accept2PC: disabled
2025/12/19 16:25:21.144199 [:5009] Accept2PC: disabled
2025/12/19 16:25:21.172340 [:5009] Accept2PC: disabled
2025/12/19 16:25:21.179064 [:5009] Accept2PC: disabled
2025/12/19 16:25:21.193120 [:5009] Accept2PC: disabled
2025/12/19 16:25:21.282767 [:5009] Accept2PC: disabled
2025/12/19 16:25:21.282767 [:5009] Accept2PC: disabled
2025/12/19 16:25:21.317573 [:5009] Accept2PC: disabled
2025/12/19 16:25:21.317573 [:5009] Accept2PC: disabled
2025/12/19 16:25:21.345165 [:5009] Accept2PC: disabled
2025/12/19 16:25:21.373059 [:5009] Accept2PC: disabled
2025/12/19 16:25:21.379675 [:5009] Accept2PC: disabled
2025/12/19 16:25:21.393787 [:5009] Accept2PC: disabled
2025/12/19 16:25:21.484115 [:5009] Accept2PC: disabled
2025/12/19 16:25:21.484115 [:5009] Accept2PC: disabled
2025/12/19 16:25:21.518837 [:5009] Accept2PC: disabled
2025/12/19 16:25:21.518931 [:5009] Accept2PC: disabled
2025/12/19 16:25:21.546442 [:5009] Accept2PC: disabled
2025/12/19 16:25:21.574319 [:5009] Accept2PC: disabled
2025/12/19 16:25:21.580813 [:5009] Accept2PC: disabled
2025/12/19 16:25:21.594665 [:5009] Accept2PC: disabled
2025/12/19 16:25:21.684895 [:5009] Accept2PC: disabled
2025/12/19 16:25:21.684895 [:5009] Accept2PC: disabled
2025/12/19 16:25:21.719918 [:5009] Accept2PC: disabled
2025/12/19 16:25:21.719918 [:5009] Accept2PC: disabled
2025/12/19 16:25:21.747795 [:5009] Accept2PC: disabled
2025/12/19 16:25:21.776099 [:5009] Accept2PC: disabled
2025/12/19 16:25:21.781950 [:5009] Accept2PC: disabled
2025/12/19 16:25:21.796060 [:5009] Accept2PC: disabled
2025/12/19 16:25:21.886397 [:5009] Accept2PC: disabled
2025/12/19 16:25:21.886397 [:5009] Accept2PC: disabled
2025/12/19 16:25:21.921311 [:5009] Accept2PC: disabled
2025/12/19 16:25:21.921311 [:5009] Accept2PC: disabled
2025/12/19 16:25:21.948839 [:5009] Accept2PC: disabled
2025/12/19 16:25:21.977666 [:5009] Accept2PC: disabled
2025/12/19 16:25:21.983282 [:5009] Accept2PC: disabled
2025/12/19 16:25:21.997652 [:5009] Accept2PC: disabled
2025/12/19 16:25:22.087406 [:5009] Accept2PC: disabled
2025/12/19 16:25:22.087406 [:5009] Accept2PC: disabled
2025/12/19 16:25:22.122159 [:5009] Accept2PC: disabled
2025/12/19 16:25:22.122159 [:5009] Accept2PC: disabled
2025/12/19 16:25:22.150588 [:5009] Accept2PC: disabled
2025/12/19 16:25:22.178230 [:5009] Accept2PC: disabled
2025/12/19 16:25:22.184375 [:5009] Accept2PC: disabled
2025/12/19 16:25:22.198974 [:5009] Accept2PC: disabled
2025/12/19 16:25:22.288467 [:5009] Accept2PC: disabled
2025/12/19 16:25:22.288467 [:5009] Accept2PC: disabled
2025/12/19 16:25:22.323535 [:5009] Accept2PC: disabled
2025/12/19 16:25:22.323535 [:5009] Accept2PC: disabled
2025/12/19 16:25:22.351215 [:5009] Accept2PC: disabled
2025/12/19 16:25:22.378834 [:5009] Accept2PC: disabled
2025/12/19 16:25:22.384969 [:5009] Accept2PC: disabled
2025/12/19 16:25:22.399501 [:5009] Accept2PC: disabled
2025/12/19 16:25:22.425740 [:5009] ResetDB: cleared state seq=0 ballot=0 logs=0 twoPC=0 leader=:5007
2025/12/19 16:25:22.430254 Connected with node: :5007
2025/12/19 16:25:22.431188 Connected with node: :5008
2025/12/19 16:25:22.489181 [:5009] Accept2PC: ballot=0 seq=3 phase=PREPARE_PHASE txn=2003->6003 amt=1.00
2025/12/19 16:25:22.489181 [:5009] 2PC log: status=P paxos=Accepted phase=PREPARE_PHASE seq=3 ballot=0 txn=2003->6003 amt=1.00 ts=1766179501283187903
2025/12/19 16:25:22.489181 [:5009] Accept2PC: ballot=0 seq=3 phase=COMMIT_PHASE txn=2003->6003 amt=1.00
2025/12/19 16:25:22.489181 [:5009] Accept2PC: accepted seq=3 ballot=0 phase=PREPARE_PHASE
2025/12/19 16:25:22.489705 [:5009] 2PC log: status=C paxos=Accepted phase=COMMIT_PHASE seq=3 ballot=0 txn=2003->6003 amt=1.00 ts=1766179501283187903
2025/12/19 16:25:22.489705 [:5009] Accept2PC: accepted seq=3 ballot=0 phase=COMMIT_PHASE
2025/12/19 16:25:22.524463 [:5009] Accept2PC: ballot=0 seq=1 phase=PREPARE_PHASE txn=5002->6001 amt=1.00
2025/12/19 16:25:22.524463 [:5009] 2PC log: status=P paxos=Accepted phase=PREPARE_PHASE seq=1 ballot=0 txn=5002->6001 amt=1.00 ts=1766179501283187901
2025/12/19 16:25:22.524463 [:5009] Accept2PC: ballot=0 seq=4 phase=PREPARE_PHASE txn=6004->5004 amt=1.00
2025/12/19 16:25:22.524463 [:5009] Accept2PC: accepted seq=1 ballot=0 phase=PREPARE_PHASE
2025/12/19 16:25:22.524463 [:5009] 2PC log: status=P paxos=Accepted phase=PREPARE_PHASE seq=4 ballot=0 txn=6004->5004 amt=1.00 ts=1766179501283187905
2025/12/19 16:25:22.524969 [:5009] Accept2PC: accepted seq=4 ballot=0 phase=PREPARE_PHASE
2025/12/19 16:25:22.539488 [:5009] ResetDB: balances reset to 10 for shard 6001-9000
2025/12/19 16:25:22.551892 [:5009] Accept2PC: ballot=0 seq=4 phase=COMMIT_PHASE txn=6004->5004 amt=1.00
2025/12/19 16:25:22.551892 [:5009] 2PC log: status=C paxos=Accepted phase=COMMIT_PHASE seq=4 ballot=0 txn=6004->5004 amt=1.00 ts=1766179501283187905
2025/12/19 16:25:22.551892 [:5009] Accept2PC: accepted seq=4 ballot=0 phase=COMMIT_PHASE
2025/12/19 16:25:22.579517 [:5009] Accept2PC: ballot=0 seq=1 phase=COMMIT_PHASE txn=5002->6001 amt=1.00
2025/12/19 16:25:22.579517 [:5009] 2PC log: status=C paxos=Accepted phase=COMMIT_PHASE seq=1 ballot=0 txn=5002->6001 amt=1.00 ts=1766179501283187901
2025/12/19 16:25:22.579517 [:5009] Accept2PC: accepted seq=1 ballot=0 phase=COMMIT_PHASE
2025/12/19 16:25:22.585795 [:5009] Accept2PC: ballot=0 seq=2 phase=PREPARE_PHASE txn=6002->2002 amt=1.00
2025/12/19 16:25:22.585795 [:5009] 2PC log: status=P paxos=Accepted phase=PREPARE_PHASE seq=2 ballot=0 txn=6002->2002 amt=1.00 ts=1766179501283187902
2025/12/19 16:25:22.585795 [:5009] Accept2PC: accepted seq=2 ballot=0 phase=PREPARE_PHASE
2025/12/19 16:25:22.600077 [:5009] Accept2PC: ballot=0 seq=2 phase=COMMIT_PHASE txn=6002->2002 amt=1.00
2025/12/19 16:25:22.600077 [:5009] 2PC log: status=C paxos=Accepted phase=COMMIT_PHASE seq=2 ballot=0 txn=6002->2002 amt=1.00 ts=1766179501283187902
2025/12/19 16:25:22.600077 [:5009] Accept2PC: accepted seq=2 ballot=0 phase=COMMIT_PHASE
2025/12/19 16:25:22.959395 For node :5009 disabled? false
2025/12/19 16:25:22.961627 Connected with node: :5008
2025/12/19 16:25:22.961627 Connected with node: :5007
2025/12/19 16:25:23.360250 [:5009] catchup: fetching logs from :5007
2025/12/19 16:26:05.705399 [:5009] ResetDB: cleared state seq=0 ballot=0 logs=0 twoPC=0 leader=:5007
2025/12/19 16:26:05.710869 Connected with node: :5007
2025/12/19 16:26:05.713882 Connected with node: :5008
2025/12/19 16:26:05.995366 [:5009] ResetDB: balances reset to 10 for shard 6001-9000
2025/12/19 16:26:06.278500 For node :5009 disabled? false
2025/12/19 16:26:06.281716 Connected with node: :5008
2025/12/19 16:26:06.282229 Connected with node: :5007
2025/12/19 16:26:06.678934 [:5009] catchup: fetching logs from :5007
